<?xml version="1.0" encoding="UTF-8"?>
<!-- Generated by org.testng.reporters.JUnitXMLReporter -->
<testsuite hostname="DESKTOP-THTD9N4" ignored="0" name="Default test" tests="3" failures="0" timestamp="2021-03-23T01:22:31 IST" time="12.592" errors="0">
  <testcase name="navigateToTaxInvoicePage" time="3.513" classname="com.automation.tests.TaxInvoiceTest"/>
  <testcase name="navigateToAddTaxInvoicePage" time="5.142" classname="com.automation.tests.TaxInvoiceTest"/>
  <testcase name="backToTaxInvoicePage" time="3.554" classname="com.automation.tests.TaxInvoiceTest"/>
</testsuite> <!-- Default test -->
