<?xml version="1.0" encoding="UTF-8"?>
<!-- Generated by org.testng.reporters.JUnitXMLReporter -->
<testsuite hostname="DESKTOP-THTD9N4" ignored="0" name="Default test" tests="3" failures="0" timestamp="2021-04-09T16:33:44 IST" time="0.362" errors="0">
  <testcase name="@BeforeSuite before" time="9.708" classname="com.automation.Base.BaseTest">
    <failure type="org.openqa.selenium.NoSuchElementException" message="Cannot locate an element using name=txtPwd
For documentation on this error, please visit: https://www.seleniumhq.org/exceptions/no_such_element.html
Build info: version: &amp;apos;3.141.59&amp;apos;, revision: &amp;apos;e82be7d358&amp;apos;, time: &amp;apos;2018-11-14T08:17:03&amp;apos;
System info: host: &amp;apos;DESKTOP-THTD9N4&amp;apos;, ip: &amp;apos;192.168.8.111&amp;apos;, os.name: &amp;apos;Windows 10&amp;apos;, os.arch: &amp;apos;amd64&amp;apos;, os.version: &amp;apos;10.0&amp;apos;, java.version: &amp;apos;1.8.0_271&amp;apos;
Driver info: driver.version: RemoteWebDriver">
      <![CDATA[org.openqa.selenium.NoSuchElementException: Cannot locate an element using name=txtPwd
For documentation on this error, please visit: https://www.seleniumhq.org/exceptions/no_such_element.html
Build info: version: '3.141.59', revision: 'e82be7d358', time: '2018-11-14T08:17:03'
System info: host: 'DESKTOP-THTD9N4', ip: '192.168.8.111', os.name: 'Windows 10', os.arch: 'amd64', os.version: '10.0', java.version: '1.8.0_271'
Driver info: driver.version: RemoteWebDriver
at org.openqa.selenium.remote.RemoteWebDriver.findElement(RemoteWebDriver.java:327)
at org.openqa.selenium.remote.RemoteWebDriver.findElementByName(RemoteWebDriver.java:404)
at org.openqa.selenium.By$ByName.findElement(By.java:284)
at org.openqa.selenium.remote.RemoteWebDriver.findElement(RemoteWebDriver.java:315)
at com.automation.Base.BaseTest.before(BaseTest.java:49)
at sun.reflect.NativeMethodAccessorImpl.invoke0(Native Method)
at sun.reflect.NativeMethodAccessorImpl.invoke(Unknown Source)
at sun.reflect.DelegatingMethodAccessorImpl.invoke(Unknown Source)
at java.lang.reflect.Method.invoke(Unknown Source)
at org.testng.internal.MethodInvocationHelper.invokeMethod(MethodInvocationHelper.java:132)
at org.testng.internal.MethodInvocationHelper.invokeMethodConsideringTimeout(MethodInvocationHelper.java:61)
at org.testng.internal.ConfigInvoker.invokeConfigurationMethod(ConfigInvoker.java:366)
at org.testng.internal.ConfigInvoker.invokeConfigurations(ConfigInvoker.java:320)
at org.testng.SuiteRunner.privateRun(SuiteRunner.java:327)
at org.testng.SuiteRunner.run(SuiteRunner.java:286)
at org.testng.SuiteRunnerWorker.runSuite(SuiteRunnerWorker.java:53)
at org.testng.SuiteRunnerWorker.run(SuiteRunnerWorker.java:96)
at org.testng.TestNG.runSuitesSequentially(TestNG.java:1218)
at org.testng.TestNG.runSuitesLocally(TestNG.java:1140)
at org.testng.TestNG.runSuites(TestNG.java:1069)
at org.testng.TestNG.run(TestNG.java:1037)
at org.testng.remote.AbstractRemoteTestNG.run(AbstractRemoteTestNG.java:115)
at org.testng.remote.RemoteTestNG.initAndRun(RemoteTestNG.java:251)
at org.testng.remote.RemoteTestNG.main(RemoteTestNG.java:77)
]]>
    </failure>
  </testcase> <!-- @BeforeSuite before -->
  <testcase name="@BeforeClass setup" time="-1.61796622386E9" classname="com.automation.Base.BaseTest">
    <skipped/>
  </testcase> <!-- @BeforeClass setup -->
  <testcase name="@BeforeMethod reload" time="-1.617966223932E9" classname="com.automation.tests.TaxInvoiceTest">
    <skipped/>
  </testcase> <!-- @BeforeMethod reload -->
  <testcase name="@BeforeMethod reload" time="-1.617966223964E9" classname="com.automation.tests.TaxInvoiceTest">
    <skipped/>
  </testcase> <!-- @BeforeMethod reload -->
  <testcase name="@BeforeMethod reload" time="-1.617966223986E9" classname="com.automation.tests.TaxInvoiceTest">
    <skipped/>
  </testcase> <!-- @BeforeMethod reload -->
  <testcase name="@AfterClass tearDown" time="-1.617966223998E9" classname="com.automation.Base.BaseTest">
    <skipped/>
  </testcase> <!-- @AfterClass tearDown -->
  <testcase name="navigateToTaxInvoicePage" time="0.0" classname="com.automation.tests.TaxInvoiceTest">
    <skipped/>
  </testcase> <!-- navigateToTaxInvoicePage -->
  <testcase name="navigateToAddTaxInvoicePage" time="0.0" classname="com.automation.tests.TaxInvoiceTest">
    <skipped/>
  </testcase> <!-- navigateToAddTaxInvoicePage -->
  <testcase name="editCreatedTaxInvoice" time="0.0" classname="com.automation.tests.TaxInvoiceTest">
    <skipped/>
  </testcase> <!-- editCreatedTaxInvoice -->
</testsuite> <!-- Default test -->
