<?xml version="1.0" encoding="UTF-8"?>
<!-- Generated by org.testng.reporters.JUnitXMLReporter -->
<testsuite hostname="DESKTOP-THTD9N4" ignored="0" name="Default test" tests="12" failures="0" timestamp="2021-03-31T03:31:55 IST" time="53.07" errors="0">
  <testcase name="navigateToTaxInvoicePage" time="4.022" classname="com.automation.tests.TaxInvoiceTest"/>
  <testcase name="navigateToAddTaxInvoicePage" time="3.857" classname="com.automation.tests.TaxInvoiceTest"/>
  <testcase name="backToTaxInvoicePage" time="4.524" classname="com.automation.tests.TaxInvoiceTest"/>
  <testcase name="validation" time="2.735" classname="com.automation.tests.TaxInvoiceTest"/>
  <testcase name="invoiceTypeValidation" time="2.951" classname="com.automation.tests.TaxInvoiceTest"/>
  <testcase name="checkSameAsBillingAddressFunctionality" time="5.374" classname="com.automation.tests.TaxInvoiceTest"/>
  <testcase name="verifyIndianAlertMessage" time="6.645" classname="com.automation.tests.TaxInvoiceTest"/>
  <testcase name="verifySupplyReverseCharge" time="2.256" classname="com.automation.tests.TaxInvoiceTest"/>
  <testcase name="verifyIgstValue" time="3.797" classname="com.automation.tests.TaxInvoiceTest"/>
  <testcase name="verifyCgstAndSgstValue" time="3.954" classname="com.automation.tests.TaxInvoiceTest"/>
  <testcase name="verifyIgstActFunctionality" time="4.167" classname="com.automation.tests.TaxInvoiceTest"/>
  <testcase name="verifyRedirectionToTaxInvoicePage" time="7.223" classname="com.automation.tests.TaxInvoiceTest"/>
</testsuite> <!-- Default test -->
