<?xml version="1.0" encoding="UTF-8"?>
<!-- Generated by org.testng.reporters.JUnitXMLReporter -->
<testsuite hostname="DESKTOP-THTD9N4" ignored="0" name="Default test" tests="51" failures="5" timestamp="2021-04-18T23:47:37 IST" time="227.126" errors="0">
  <testcase name="@BeforeMethod reload" time="0.064" classname="com.automation.tests.TaxInvoiceTest">
    <failure type="org.openqa.selenium.NoSuchWindowException" message="no such window: target window already closed
from unknown error: web view not found
  (Session info: chrome=89.0.4389.128)
Build info: version: &amp;apos;3.141.59&amp;apos;, revision: &amp;apos;e82be7d358&amp;apos;, time: &amp;apos;2018-11-14T08:17:03&amp;apos;
System info: host: &amp;apos;DESKTOP-THTD9N4&amp;apos;, ip: &amp;apos;192.168.8.83&amp;apos;, os.name: &amp;apos;Windows 10&amp;apos;, os.arch: &amp;apos;amd64&amp;apos;, os.version: &amp;apos;10.0&amp;apos;, java.version: &amp;apos;1.8.0_271&amp;apos;
Driver info: org.openqa.selenium.chrome.ChromeDriver
Capabilities {acceptInsecureCerts: false, browserName: chrome, browserVersion: 89.0.4389.128, chrome: {chromedriverVersion: 89.0.4389.23 (61b08ee2c5002..., userDataDir: C:\Users\SSD\AppData\Local\...}, goog:chromeOptions: {debuggerAddress: localhost:63814}, javascriptEnabled: true, networkConnectionEnabled: false, pageLoadStrategy: normal, platform: WINDOWS, platformName: WINDOWS, proxy: Proxy(), setWindowRect: true, strictFileInteractability: false, timeouts: {implicit: 0, pageLoad: 300000, script: 30000}, unhandledPromptBehavior: dismiss and notify, webauthn:extension:largeBlob: true, webauthn:virtualAuthenticators: true}
Session ID: 7bc3c63c1c632a51cd7b96a6f9555fb3">
      <![CDATA[org.openqa.selenium.NoSuchWindowException: no such window: target window already closed
from unknown error: web view not found
  (Session info: chrome=89.0.4389.128)
Build info: version: '3.141.59', revision: 'e82be7d358', time: '2018-11-14T08:17:03'
System info: host: 'DESKTOP-THTD9N4', ip: '192.168.8.83', os.name: 'Windows 10', os.arch: 'amd64', os.version: '10.0', java.version: '1.8.0_271'
Driver info: org.openqa.selenium.chrome.ChromeDriver
Capabilities {acceptInsecureCerts: false, browserName: chrome, browserVersion: 89.0.4389.128, chrome: {chromedriverVersion: 89.0.4389.23 (61b08ee2c5002..., userDataDir: C:\Users\SSD\AppData\Local\...}, goog:chromeOptions: {debuggerAddress: localhost:63814}, javascriptEnabled: true, networkConnectionEnabled: false, pageLoadStrategy: normal, platform: WINDOWS, platformName: WINDOWS, proxy: Proxy(), setWindowRect: true, strictFileInteractability: false, timeouts: {implicit: 0, pageLoad: 300000, script: 30000}, unhandledPromptBehavior: dismiss and notify, webauthn:extension:largeBlob: true, webauthn:virtualAuthenticators: true}
Session ID: 7bc3c63c1c632a51cd7b96a6f9555fb3
at sun.reflect.NativeConstructorAccessorImpl.newInstance0(Native Method)
at sun.reflect.NativeConstructorAccessorImpl.newInstance(Unknown Source)
at sun.reflect.DelegatingConstructorAccessorImpl.newInstance(Unknown Source)
at java.lang.reflect.Constructor.newInstance(Unknown Source)
at org.openqa.selenium.remote.http.W3CHttpResponseCodec.createException(W3CHttpResponseCodec.java:187)
at org.openqa.selenium.remote.http.W3CHttpResponseCodec.decode(W3CHttpResponseCodec.java:122)
at org.openqa.selenium.remote.http.W3CHttpResponseCodec.decode(W3CHttpResponseCodec.java:49)
at org.openqa.selenium.remote.HttpCommandExecutor.execute(HttpCommandExecutor.java:158)
at org.openqa.selenium.remote.service.DriverCommandExecutor.execute(DriverCommandExecutor.java:83)
at org.openqa.selenium.remote.RemoteWebDriver.execute(RemoteWebDriver.java:552)
at org.openqa.selenium.remote.RemoteWebDriver.execute(RemoteWebDriver.java:609)
at org.openqa.selenium.remote.RemoteWebDriver$RemoteNavigation.refresh(RemoteWebDriver.java:865)
at com.automation.tests.TaxInvoiceTest.reload(TaxInvoiceTest.java:23)
at sun.reflect.GeneratedMethodAccessor7.invoke(Unknown Source)
at sun.reflect.DelegatingMethodAccessorImpl.invoke(Unknown Source)
at java.lang.reflect.Method.invoke(Unknown Source)
at org.testng.internal.MethodInvocationHelper.invokeMethod(MethodInvocationHelper.java:132)
at org.testng.internal.MethodInvocationHelper.invokeMethodConsideringTimeout(MethodInvocationHelper.java:61)
at org.testng.internal.ConfigInvoker.invokeConfigurationMethod(ConfigInvoker.java:366)
at org.testng.internal.ConfigInvoker.invokeConfigurations(ConfigInvoker.java:320)
at org.testng.internal.TestInvoker.runConfigMethods(TestInvoker.java:701)
at org.testng.internal.TestInvoker.invokeMethod(TestInvoker.java:527)
at org.testng.internal.TestInvoker.invokeTestMethod(TestInvoker.java:174)
at org.testng.internal.MethodRunner.runInSequence(MethodRunner.java:46)
at org.testng.internal.TestInvoker$MethodInvocationAgent.invoke(TestInvoker.java:822)
at org.testng.internal.TestInvoker.invokeTestMethods(TestInvoker.java:147)
at org.testng.internal.TestMethodWorker.invokeTestMethods(TestMethodWorker.java:146)
at org.testng.internal.TestMethodWorker.run(TestMethodWorker.java:128)
at java.util.ArrayList.forEach(Unknown Source)
at org.testng.TestRunner.privateRun(TestRunner.java:764)
at org.testng.TestRunner.run(TestRunner.java:585)
at org.testng.SuiteRunner.runTest(SuiteRunner.java:384)
at org.testng.SuiteRunner.runSequentially(SuiteRunner.java:378)
at org.testng.SuiteRunner.privateRun(SuiteRunner.java:337)
at org.testng.SuiteRunner.run(SuiteRunner.java:286)
at org.testng.SuiteRunnerWorker.runSuite(SuiteRunnerWorker.java:53)
at org.testng.SuiteRunnerWorker.run(SuiteRunnerWorker.java:96)
at org.testng.TestNG.runSuitesSequentially(TestNG.java:1218)
at org.testng.TestNG.runSuitesLocally(TestNG.java:1140)
at org.testng.TestNG.runSuites(TestNG.java:1069)
at org.testng.TestNG.run(TestNG.java:1037)
at org.testng.remote.AbstractRemoteTestNG.run(AbstractRemoteTestNG.java:115)
at org.testng.remote.RemoteTestNG.initAndRun(RemoteTestNG.java:251)
at org.testng.remote.RemoteTestNG.main(RemoteTestNG.java:77)
]]>
    </failure>
  </testcase> <!-- @BeforeMethod reload -->
  <testcase name="@BeforeMethod reload" time="-1.618769856971E9" classname="com.automation.tests.TaxInvoiceTest">
    <skipped/>
  </testcase> <!-- @BeforeMethod reload -->
  <testcase name="@BeforeMethod reload" time="-1.618769856982E9" classname="com.automation.tests.TaxInvoiceTest">
    <skipped/>
  </testcase> <!-- @BeforeMethod reload -->
  <testcase name="@BeforeMethod reload" time="-1.618769857004E9" classname="com.automation.tests.TaxInvoiceTest">
    <skipped/>
  </testcase> <!-- @BeforeMethod reload -->
  <testcase name="@BeforeMethod reload" time="-1.618769857013E9" classname="com.automation.tests.TaxInvoiceTest">
    <skipped/>
  </testcase> <!-- @BeforeMethod reload -->
  <testcase name="@BeforeMethod reload" time="-1.618769857019E9" classname="com.automation.tests.TaxInvoiceTest">
    <skipped/>
  </testcase> <!-- @BeforeMethod reload -->
  <testcase name="@BeforeMethod reload" time="-1.618769857033E9" classname="com.automation.tests.TaxInvoiceTest">
    <skipped/>
  </testcase> <!-- @BeforeMethod reload -->
  <testcase name="@BeforeMethod reload" time="-1.618769857045E9" classname="com.automation.tests.TaxInvoiceTest">
    <skipped/>
  </testcase> <!-- @BeforeMethod reload -->
  <testcase name="@BeforeMethod reload" time="-1.618769857105E9" classname="com.automation.tests.TaxInvoiceTest">
    <skipped/>
  </testcase> <!-- @BeforeMethod reload -->
  <testcase name="@BeforeMethod reload" time="-1.618769857128E9" classname="com.automation.tests.TaxInvoiceTest">
    <skipped/>
  </testcase> <!-- @BeforeMethod reload -->
  <testcase name="@BeforeMethod reload" time="-1.618769857147E9" classname="com.automation.tests.TaxInvoiceTest">
    <skipped/>
  </testcase> <!-- @BeforeMethod reload -->
  <testcase name="@BeforeMethod reload" time="-1.618769857154E9" classname="com.automation.tests.TaxInvoiceTest">
    <skipped/>
  </testcase> <!-- @BeforeMethod reload -->
  <testcase name="@BeforeMethod reload" time="-1.618769857164E9" classname="com.automation.tests.TaxInvoiceTest">
    <skipped/>
  </testcase> <!-- @BeforeMethod reload -->
  <testcase name="@BeforeMethod reload" time="-1.618769857176E9" classname="com.automation.tests.TaxInvoiceTest">
    <skipped/>
  </testcase> <!-- @BeforeMethod reload -->
  <testcase name="@BeforeMethod reload" time="-1.618769857181E9" classname="com.automation.tests.TaxInvoiceTest">
    <skipped/>
  </testcase> <!-- @BeforeMethod reload -->
  <testcase name="@BeforeMethod reload" time="-1.618769857205E9" classname="com.automation.tests.TaxInvoiceTest">
    <skipped/>
  </testcase> <!-- @BeforeMethod reload -->
  <testcase name="@BeforeMethod reload" time="-1.618769857214E9" classname="com.automation.tests.TaxInvoiceTest">
    <skipped/>
  </testcase> <!-- @BeforeMethod reload -->
  <testcase name="@BeforeMethod reload" time="-1.618769857224E9" classname="com.automation.tests.TaxInvoiceTest">
    <skipped/>
  </testcase> <!-- @BeforeMethod reload -->
  <testcase name="@BeforeMethod reload" time="-1.618769857232E9" classname="com.automation.tests.TaxInvoiceTest">
    <skipped/>
  </testcase> <!-- @BeforeMethod reload -->
  <testcase name="@BeforeMethod reload" time="-1.618769857262E9" classname="com.automation.tests.TaxInvoiceTest">
    <skipped/>
  </testcase> <!-- @BeforeMethod reload -->
  <testcase name="@BeforeMethod reload" time="-1.618769857286E9" classname="com.automation.tests.TaxInvoiceTest">
    <skipped/>
  </testcase> <!-- @BeforeMethod reload -->
  <testcase name="@BeforeMethod reload" time="-1.618769857296E9" classname="com.automation.tests.TaxInvoiceTest">
    <skipped/>
  </testcase> <!-- @BeforeMethod reload -->
  <testcase name="@BeforeMethod reload" time="-1.618769857317E9" classname="com.automation.tests.TaxInvoiceTest">
    <skipped/>
  </testcase> <!-- @BeforeMethod reload -->
  <testcase name="@BeforeMethod reload" time="-1.618769857329E9" classname="com.automation.tests.TaxInvoiceTest">
    <skipped/>
  </testcase> <!-- @BeforeMethod reload -->
  <testcase name="@BeforeMethod reload" time="-1.618769857343E9" classname="com.automation.tests.TaxInvoiceTest">
    <skipped/>
  </testcase> <!-- @BeforeMethod reload -->
  <testcase name="@BeforeMethod reload" time="-1.61876985735E9" classname="com.automation.tests.TaxInvoiceTest">
    <skipped/>
  </testcase> <!-- @BeforeMethod reload -->
  <testcase name="@BeforeMethod reload" time="-1.618769857357E9" classname="com.automation.tests.TaxInvoiceTest">
    <skipped/>
  </testcase> <!-- @BeforeMethod reload -->
  <testcase name="@BeforeMethod reload" time="-1.618769857367E9" classname="com.automation.tests.TaxInvoiceTest">
    <skipped/>
  </testcase> <!-- @BeforeMethod reload -->
  <testcase name="@BeforeMethod reload" time="-1.618769857382E9" classname="com.automation.tests.TaxInvoiceTest">
    <skipped/>
  </testcase> <!-- @BeforeMethod reload -->
  <testcase name="@BeforeMethod reload" time="-1.618769857399E9" classname="com.automation.tests.TaxInvoiceTest">
    <skipped/>
  </testcase> <!-- @BeforeMethod reload -->
  <testcase name="@BeforeMethod reload" time="-1.618769857415E9" classname="com.automation.tests.TaxInvoiceTest">
    <skipped/>
  </testcase> <!-- @BeforeMethod reload -->
  <testcase name="@AfterClass tearDown" time="-1.618769857429E9" classname="com.automation.Base.BaseTest">
    <skipped/>
  </testcase> <!-- @AfterClass tearDown -->
  <testcase name="navigateToTaxInvoicePage" time="7.288" classname="com.automation.tests.TaxInvoiceTest"/>
  <testcase name="navigateToAddTaxInvoicePage" time="10.696" classname="com.automation.tests.TaxInvoiceTest"/>
  <testcase name="backToTaxInvoicePage" time="3.487" classname="com.automation.tests.TaxInvoiceTest"/>
  <testcase name="validation" time="5.032" classname="com.automation.tests.TaxInvoiceTest"/>
  <testcase name="invoiceTypeValidation" time="4.19" classname="com.automation.tests.TaxInvoiceTest"/>
  <testcase name="checkSameAsBillingAddressFunctionality" time="6.118" classname="com.automation.tests.TaxInvoiceTest"/>
  <testcase name="verifyIndianAlertMessage" time="6.086" classname="com.automation.tests.TaxInvoiceTest"/>
  <testcase name="verifySupplyReverseCharge" time="3.201" classname="com.automation.tests.TaxInvoiceTest"/>
  <testcase name="verifyIgstValue" time="3.501" classname="com.automation.tests.TaxInvoiceTest"/>
  <testcase name="verifyCgstAndSgstValue" time="3.212" classname="com.automation.tests.TaxInvoiceTest"/>
  <testcase name="verifyIgstActFunctionality" time="3.097" classname="com.automation.tests.TaxInvoiceTest"/>
  <testcase name="verifyRedirectionToTaxInvoicePage" time="10.205" classname="com.automation.tests.TaxInvoiceTest"/>
  <testcase name="verifyCreatedInvoice" time="11.312" classname="com.automation.tests.TaxInvoiceTest">
    <failure type="java.lang.StringIndexOutOfBoundsException" message="String index out of range: -10">
      <![CDATA[java.lang.StringIndexOutOfBoundsException: String index out of range: -10
at java.lang.String.substring(Unknown Source)
at com.automation.pages.TaxInvoice.getInvoiceNo(TaxInvoice.java:371)
at com.automation.tests.TaxInvoiceTest.verifyCreatedInvoice(TaxInvoiceTest.java:156)
at sun.reflect.NativeMethodAccessorImpl.invoke0(Native Method)
at sun.reflect.NativeMethodAccessorImpl.invoke(Unknown Source)
at sun.reflect.DelegatingMethodAccessorImpl.invoke(Unknown Source)
at java.lang.reflect.Method.invoke(Unknown Source)
at org.testng.internal.MethodInvocationHelper.invokeMethod(MethodInvocationHelper.java:132)
at org.testng.internal.TestInvoker.invokeMethod(TestInvoker.java:599)
at org.testng.internal.TestInvoker.invokeTestMethod(TestInvoker.java:174)
at org.testng.internal.MethodRunner.runInSequence(MethodRunner.java:46)
at org.testng.internal.TestInvoker$MethodInvocationAgent.invoke(TestInvoker.java:822)
at org.testng.internal.TestInvoker.invokeTestMethods(TestInvoker.java:147)
at org.testng.internal.TestMethodWorker.invokeTestMethods(TestMethodWorker.java:146)
at org.testng.internal.TestMethodWorker.run(TestMethodWorker.java:128)
at java.util.ArrayList.forEach(Unknown Source)
at org.testng.TestRunner.privateRun(TestRunner.java:764)
at org.testng.TestRunner.run(TestRunner.java:585)
at org.testng.SuiteRunner.runTest(SuiteRunner.java:384)
at org.testng.SuiteRunner.runSequentially(SuiteRunner.java:378)
at org.testng.SuiteRunner.privateRun(SuiteRunner.java:337)
at org.testng.SuiteRunner.run(SuiteRunner.java:286)
at org.testng.SuiteRunnerWorker.runSuite(SuiteRunnerWorker.java:53)
at org.testng.SuiteRunnerWorker.run(SuiteRunnerWorker.java:96)
at org.testng.TestNG.runSuitesSequentially(TestNG.java:1218)
at org.testng.TestNG.runSuitesLocally(TestNG.java:1140)
at org.testng.TestNG.runSuites(TestNG.java:1069)
at org.testng.TestNG.run(TestNG.java:1037)
at org.testng.remote.AbstractRemoteTestNG.run(AbstractRemoteTestNG.java:115)
at org.testng.remote.RemoteTestNG.initAndRun(RemoteTestNG.java:251)
at org.testng.remote.RemoteTestNG.main(RemoteTestNG.java:77)
]]>
    </failure>
  </testcase> <!-- verifyCreatedInvoice -->
  <testcase name="verifyInvoiceCreationWithoutShippingAddress" time="18.917" classname="com.automation.tests.TaxInvoiceTest"/>
  <testcase name="verifyMultipleLineItems" time="30.824" classname="com.automation.tests.TaxInvoiceTest"/>
  <testcase name="deleteMultipleLineItems" time="18.303" classname="com.automation.tests.TaxInvoiceTest"/>
  <testcase name="editCreatedTaxInvoice" time="19.2" classname="com.automation.tests.TaxInvoiceTest">
    <failure type="org.openqa.selenium.StaleElementReferenceException" message="stale element reference: element is not attached to the page document
  (Session info: chrome=89.0.4389.128)
For documentation on this error, please visit: https://www.seleniumhq.org/exceptions/stale_element_reference.html
Build info: version: &amp;apos;3.141.59&amp;apos;, revision: &amp;apos;e82be7d358&amp;apos;, time: &amp;apos;2018-11-14T08:17:03&amp;apos;
System info: host: &amp;apos;DESKTOP-THTD9N4&amp;apos;, ip: &amp;apos;192.168.8.83&amp;apos;, os.name: &amp;apos;Windows 10&amp;apos;, os.arch: &amp;apos;amd64&amp;apos;, os.version: &amp;apos;10.0&amp;apos;, java.version: &amp;apos;1.8.0_271&amp;apos;
Driver info: org.openqa.selenium.chrome.ChromeDriver
Capabilities {acceptInsecureCerts: false, browserName: chrome, browserVersion: 89.0.4389.128, chrome: {chromedriverVersion: 89.0.4389.23 (61b08ee2c5002..., userDataDir: C:\Users\SSD\AppData\Local\...}, goog:chromeOptions: {debuggerAddress: localhost:63814}, javascriptEnabled: true, networkConnectionEnabled: false, pageLoadStrategy: normal, platform: WINDOWS, platformName: WINDOWS, proxy: Proxy(), setWindowRect: true, strictFileInteractability: false, timeouts: {implicit: 0, pageLoad: 300000, script: 30000}, unhandledPromptBehavior: dismiss and notify, webauthn:extension:largeBlob: true, webauthn:virtualAuthenticators: true}
Session ID: 7bc3c63c1c632a51cd7b96a6f9555fb3">
      <![CDATA[org.openqa.selenium.StaleElementReferenceException: stale element reference: element is not attached to the page document
  (Session info: chrome=89.0.4389.128)
For documentation on this error, please visit: https://www.seleniumhq.org/exceptions/stale_element_reference.html
Build info: version: '3.141.59', revision: 'e82be7d358', time: '2018-11-14T08:17:03'
System info: host: 'DESKTOP-THTD9N4', ip: '192.168.8.83', os.name: 'Windows 10', os.arch: 'amd64', os.version: '10.0', java.version: '1.8.0_271'
Driver info: org.openqa.selenium.chrome.ChromeDriver
Capabilities {acceptInsecureCerts: false, browserName: chrome, browserVersion: 89.0.4389.128, chrome: {chromedriverVersion: 89.0.4389.23 (61b08ee2c5002..., userDataDir: C:\Users\SSD\AppData\Local\...}, goog:chromeOptions: {debuggerAddress: localhost:63814}, javascriptEnabled: true, networkConnectionEnabled: false, pageLoadStrategy: normal, platform: WINDOWS, platformName: WINDOWS, proxy: Proxy(), setWindowRect: true, strictFileInteractability: false, timeouts: {implicit: 0, pageLoad: 300000, script: 30000}, unhandledPromptBehavior: dismiss and notify, webauthn:extension:largeBlob: true, webauthn:virtualAuthenticators: true}
Session ID: 7bc3c63c1c632a51cd7b96a6f9555fb3
at sun.reflect.NativeConstructorAccessorImpl.newInstance0(Native Method)
at sun.reflect.NativeConstructorAccessorImpl.newInstance(Unknown Source)
at sun.reflect.DelegatingConstructorAccessorImpl.newInstance(Unknown Source)
at java.lang.reflect.Constructor.newInstance(Unknown Source)
at org.openqa.selenium.remote.http.W3CHttpResponseCodec.createException(W3CHttpResponseCodec.java:187)
at org.openqa.selenium.remote.http.W3CHttpResponseCodec.decode(W3CHttpResponseCodec.java:122)
at org.openqa.selenium.remote.http.W3CHttpResponseCodec.decode(W3CHttpResponseCodec.java:49)
at org.openqa.selenium.remote.HttpCommandExecutor.execute(HttpCommandExecutor.java:158)
at org.openqa.selenium.remote.service.DriverCommandExecutor.execute(DriverCommandExecutor.java:83)
at org.openqa.selenium.remote.RemoteWebDriver.execute(RemoteWebDriver.java:552)
at org.openqa.selenium.remote.RemoteWebElement.execute(RemoteWebElement.java:285)
at org.openqa.selenium.remote.RemoteWebElement.isDisplayed(RemoteWebElement.java:326)
at sun.reflect.NativeMethodAccessorImpl.invoke0(Native Method)
at sun.reflect.NativeMethodAccessorImpl.invoke(Unknown Source)
at sun.reflect.DelegatingMethodAccessorImpl.invoke(Unknown Source)
at java.lang.reflect.Method.invoke(Unknown Source)
at org.openqa.selenium.support.pagefactory.internal.LocatingElementHandler.invoke(LocatingElementHandler.java:51)
at com.sun.proxy.$Proxy12.isDisplayed(Unknown Source)
at org.openqa.selenium.support.ui.ExpectedConditions.elementIfVisible(ExpectedConditions.java:314)
at org.openqa.selenium.support.ui.ExpectedConditions.access$000(ExpectedConditions.java:43)
at org.openqa.selenium.support.ui.ExpectedConditions$10.apply(ExpectedConditions.java:300)
at org.openqa.selenium.support.ui.ExpectedConditions$10.apply(ExpectedConditions.java:297)
at org.openqa.selenium.support.ui.ExpectedConditions$23.apply(ExpectedConditions.java:670)
at org.openqa.selenium.support.ui.ExpectedConditions$23.apply(ExpectedConditions.java:666)
at org.openqa.selenium.support.ui.FluentWait.until(FluentWait.java:249)
at com.automation.pages.TaxInvoice.newInvoiceButtonWait(TaxInvoice.java:244)
at com.automation.tests.TaxInvoiceTest.editCreatedTaxInvoice(TaxInvoiceTest.java:224)
at sun.reflect.NativeMethodAccessorImpl.invoke0(Native Method)
at sun.reflect.NativeMethodAccessorImpl.invoke(Unknown Source)
at sun.reflect.DelegatingMethodAccessorImpl.invoke(Unknown Source)
at java.lang.reflect.Method.invoke(Unknown Source)
at org.testng.internal.MethodInvocationHelper.invokeMethod(MethodInvocationHelper.java:132)
at org.testng.internal.TestInvoker.invokeMethod(TestInvoker.java:599)
at org.testng.internal.TestInvoker.invokeTestMethod(TestInvoker.java:174)
at org.testng.internal.MethodRunner.runInSequence(MethodRunner.java:46)
at org.testng.internal.TestInvoker$MethodInvocationAgent.invoke(TestInvoker.java:822)
at org.testng.internal.TestInvoker.invokeTestMethods(TestInvoker.java:147)
at org.testng.internal.TestMethodWorker.invokeTestMethods(TestMethodWorker.java:146)
at org.testng.internal.TestMethodWorker.run(TestMethodWorker.java:128)
at java.util.ArrayList.forEach(Unknown Source)
at org.testng.TestRunner.privateRun(TestRunner.java:764)
at org.testng.TestRunner.run(TestRunner.java:585)
at org.testng.SuiteRunner.runTest(SuiteRunner.java:384)
at org.testng.SuiteRunner.runSequentially(SuiteRunner.java:378)
at org.testng.SuiteRunner.privateRun(SuiteRunner.java:337)
at org.testng.SuiteRunner.run(SuiteRunner.java:286)
at org.testng.SuiteRunnerWorker.runSuite(SuiteRunnerWorker.java:53)
at org.testng.SuiteRunnerWorker.run(SuiteRunnerWorker.java:96)
at org.testng.TestNG.runSuitesSequentially(TestNG.java:1218)
at org.testng.TestNG.runSuitesLocally(TestNG.java:1140)
at org.testng.TestNG.runSuites(TestNG.java:1069)
at org.testng.TestNG.run(TestNG.java:1037)
at org.testng.remote.AbstractRemoteTestNG.run(AbstractRemoteTestNG.java:115)
at org.testng.remote.RemoteTestNG.initAndRun(RemoteTestNG.java:251)
at org.testng.remote.RemoteTestNG.main(RemoteTestNG.java:77)
]]>
    </failure>
  </testcase> <!-- editCreatedTaxInvoice -->
  <testcase name="gstinFieldDisplayCheck1" time="26.97" classname="com.automation.tests.TaxInvoiceTest">
    <failure type="org.openqa.selenium.ElementNotInteractableException" message="element not interactable
  (Session info: chrome=89.0.4389.128)
Build info: version: &amp;apos;3.141.59&amp;apos;, revision: &amp;apos;e82be7d358&amp;apos;, time: &amp;apos;2018-11-14T08:17:03&amp;apos;
System info: host: &amp;apos;DESKTOP-THTD9N4&amp;apos;, ip: &amp;apos;192.168.8.83&amp;apos;, os.name: &amp;apos;Windows 10&amp;apos;, os.arch: &amp;apos;amd64&amp;apos;, os.version: &amp;apos;10.0&amp;apos;, java.version: &amp;apos;1.8.0_271&amp;apos;
Driver info: org.openqa.selenium.chrome.ChromeDriver
Capabilities {acceptInsecureCerts: false, browserName: chrome, browserVersion: 89.0.4389.128, chrome: {chromedriverVersion: 89.0.4389.23 (61b08ee2c5002..., userDataDir: C:\Users\SSD\AppData\Local\...}, goog:chromeOptions: {debuggerAddress: localhost:63814}, javascriptEnabled: true, networkConnectionEnabled: false, pageLoadStrategy: normal, platform: WINDOWS, platformName: WINDOWS, proxy: Proxy(), setWindowRect: true, strictFileInteractability: false, timeouts: {implicit: 0, pageLoad: 300000, script: 30000}, unhandledPromptBehavior: dismiss and notify, webauthn:extension:largeBlob: true, webauthn:virtualAuthenticators: true}
Session ID: 7bc3c63c1c632a51cd7b96a6f9555fb3">
      <![CDATA[org.openqa.selenium.ElementNotInteractableException: element not interactable
  (Session info: chrome=89.0.4389.128)
Build info: version: '3.141.59', revision: 'e82be7d358', time: '2018-11-14T08:17:03'
System info: host: 'DESKTOP-THTD9N4', ip: '192.168.8.83', os.name: 'Windows 10', os.arch: 'amd64', os.version: '10.0', java.version: '1.8.0_271'
Driver info: org.openqa.selenium.chrome.ChromeDriver
Capabilities {acceptInsecureCerts: false, browserName: chrome, browserVersion: 89.0.4389.128, chrome: {chromedriverVersion: 89.0.4389.23 (61b08ee2c5002..., userDataDir: C:\Users\SSD\AppData\Local\...}, goog:chromeOptions: {debuggerAddress: localhost:63814}, javascriptEnabled: true, networkConnectionEnabled: false, pageLoadStrategy: normal, platform: WINDOWS, platformName: WINDOWS, proxy: Proxy(), setWindowRect: true, strictFileInteractability: false, timeouts: {implicit: 0, pageLoad: 300000, script: 30000}, unhandledPromptBehavior: dismiss and notify, webauthn:extension:largeBlob: true, webauthn:virtualAuthenticators: true}
Session ID: 7bc3c63c1c632a51cd7b96a6f9555fb3
at sun.reflect.NativeConstructorAccessorImpl.newInstance0(Native Method)
at sun.reflect.NativeConstructorAccessorImpl.newInstance(Unknown Source)
at sun.reflect.DelegatingConstructorAccessorImpl.newInstance(Unknown Source)
at java.lang.reflect.Constructor.newInstance(Unknown Source)
at org.openqa.selenium.remote.http.W3CHttpResponseCodec.createException(W3CHttpResponseCodec.java:187)
at org.openqa.selenium.remote.http.W3CHttpResponseCodec.decode(W3CHttpResponseCodec.java:122)
at org.openqa.selenium.remote.http.W3CHttpResponseCodec.decode(W3CHttpResponseCodec.java:49)
at org.openqa.selenium.remote.HttpCommandExecutor.execute(HttpCommandExecutor.java:158)
at org.openqa.selenium.remote.service.DriverCommandExecutor.execute(DriverCommandExecutor.java:83)
at org.openqa.selenium.remote.RemoteWebDriver.execute(RemoteWebDriver.java:552)
at org.openqa.selenium.remote.RemoteWebElement.execute(RemoteWebElement.java:285)
at org.openqa.selenium.remote.RemoteWebElement.click(RemoteWebElement.java:84)
at sun.reflect.GeneratedMethodAccessor1.invoke(Unknown Source)
at sun.reflect.DelegatingMethodAccessorImpl.invoke(Unknown Source)
at java.lang.reflect.Method.invoke(Unknown Source)
at org.openqa.selenium.support.pagefactory.internal.LocatingElementHandler.invoke(LocatingElementHandler.java:51)
at com.sun.proxy.$Proxy12.click(Unknown Source)
at com.automation.pages.TaxInvoice.clickOnExportRadioButton(TaxInvoice.java:704)
at com.automation.tests.TaxInvoiceTest.gstinFieldDisplayCheck1(TaxInvoiceTest.java:233)
at sun.reflect.NativeMethodAccessorImpl.invoke0(Native Method)
at sun.reflect.NativeMethodAccessorImpl.invoke(Unknown Source)
at sun.reflect.DelegatingMethodAccessorImpl.invoke(Unknown Source)
at java.lang.reflect.Method.invoke(Unknown Source)
at org.testng.internal.MethodInvocationHelper.invokeMethod(MethodInvocationHelper.java:132)
at org.testng.internal.TestInvoker.invokeMethod(TestInvoker.java:599)
at org.testng.internal.TestInvoker.invokeTestMethod(TestInvoker.java:174)
at org.testng.internal.MethodRunner.runInSequence(MethodRunner.java:46)
at org.testng.internal.TestInvoker$MethodInvocationAgent.invoke(TestInvoker.java:822)
at org.testng.internal.TestInvoker.invokeTestMethods(TestInvoker.java:147)
at org.testng.internal.TestMethodWorker.invokeTestMethods(TestMethodWorker.java:146)
at org.testng.internal.TestMethodWorker.run(TestMethodWorker.java:128)
at java.util.ArrayList.forEach(Unknown Source)
at org.testng.TestRunner.privateRun(TestRunner.java:764)
at org.testng.TestRunner.run(TestRunner.java:585)
at org.testng.SuiteRunner.runTest(SuiteRunner.java:384)
at org.testng.SuiteRunner.runSequentially(SuiteRunner.java:378)
at org.testng.SuiteRunner.privateRun(SuiteRunner.java:337)
at org.testng.SuiteRunner.run(SuiteRunner.java:286)
at org.testng.SuiteRunnerWorker.runSuite(SuiteRunnerWorker.java:53)
at org.testng.SuiteRunnerWorker.run(SuiteRunnerWorker.java:96)
at org.testng.TestNG.runSuitesSequentially(TestNG.java:1218)
at org.testng.TestNG.runSuitesLocally(TestNG.java:1140)
at org.testng.TestNG.runSuites(TestNG.java:1069)
at org.testng.TestNG.run(TestNG.java:1037)
at org.testng.remote.AbstractRemoteTestNG.run(AbstractRemoteTestNG.java:115)
at org.testng.remote.RemoteTestNG.initAndRun(RemoteTestNG.java:251)
at org.testng.remote.RemoteTestNG.main(RemoteTestNG.java:77)
]]>
    </failure>
  </testcase> <!-- gstinFieldDisplayCheck1 -->
  <testcase name="gstinFieldDisplayCheck2" time="20.621" classname="com.automation.tests.TaxInvoiceTest">
    <failure type="org.openqa.selenium.ElementNotInteractableException" message="element not interactable
  (Session info: chrome=89.0.4389.128)
Build info: version: &amp;apos;3.141.59&amp;apos;, revision: &amp;apos;e82be7d358&amp;apos;, time: &amp;apos;2018-11-14T08:17:03&amp;apos;
System info: host: &amp;apos;DESKTOP-THTD9N4&amp;apos;, ip: &amp;apos;192.168.8.83&amp;apos;, os.name: &amp;apos;Windows 10&amp;apos;, os.arch: &amp;apos;amd64&amp;apos;, os.version: &amp;apos;10.0&amp;apos;, java.version: &amp;apos;1.8.0_271&amp;apos;
Driver info: org.openqa.selenium.chrome.ChromeDriver
Capabilities {acceptInsecureCerts: false, browserName: chrome, browserVersion: 89.0.4389.128, chrome: {chromedriverVersion: 89.0.4389.23 (61b08ee2c5002..., userDataDir: C:\Users\SSD\AppData\Local\...}, goog:chromeOptions: {debuggerAddress: localhost:63814}, javascriptEnabled: true, networkConnectionEnabled: false, pageLoadStrategy: normal, platform: WINDOWS, platformName: WINDOWS, proxy: Proxy(), setWindowRect: true, strictFileInteractability: false, timeouts: {implicit: 0, pageLoad: 300000, script: 30000}, unhandledPromptBehavior: dismiss and notify, webauthn:extension:largeBlob: true, webauthn:virtualAuthenticators: true}
Session ID: 7bc3c63c1c632a51cd7b96a6f9555fb3">
      <![CDATA[org.openqa.selenium.ElementNotInteractableException: element not interactable
  (Session info: chrome=89.0.4389.128)
Build info: version: '3.141.59', revision: 'e82be7d358', time: '2018-11-14T08:17:03'
System info: host: 'DESKTOP-THTD9N4', ip: '192.168.8.83', os.name: 'Windows 10', os.arch: 'amd64', os.version: '10.0', java.version: '1.8.0_271'
Driver info: org.openqa.selenium.chrome.ChromeDriver
Capabilities {acceptInsecureCerts: false, browserName: chrome, browserVersion: 89.0.4389.128, chrome: {chromedriverVersion: 89.0.4389.23 (61b08ee2c5002..., userDataDir: C:\Users\SSD\AppData\Local\...}, goog:chromeOptions: {debuggerAddress: localhost:63814}, javascriptEnabled: true, networkConnectionEnabled: false, pageLoadStrategy: normal, platform: WINDOWS, platformName: WINDOWS, proxy: Proxy(), setWindowRect: true, strictFileInteractability: false, timeouts: {implicit: 0, pageLoad: 300000, script: 30000}, unhandledPromptBehavior: dismiss and notify, webauthn:extension:largeBlob: true, webauthn:virtualAuthenticators: true}
Session ID: 7bc3c63c1c632a51cd7b96a6f9555fb3
at sun.reflect.NativeConstructorAccessorImpl.newInstance0(Native Method)
at sun.reflect.NativeConstructorAccessorImpl.newInstance(Unknown Source)
at sun.reflect.DelegatingConstructorAccessorImpl.newInstance(Unknown Source)
at java.lang.reflect.Constructor.newInstance(Unknown Source)
at org.openqa.selenium.remote.http.W3CHttpResponseCodec.createException(W3CHttpResponseCodec.java:187)
at org.openqa.selenium.remote.http.W3CHttpResponseCodec.decode(W3CHttpResponseCodec.java:122)
at org.openqa.selenium.remote.http.W3CHttpResponseCodec.decode(W3CHttpResponseCodec.java:49)
at org.openqa.selenium.remote.HttpCommandExecutor.execute(HttpCommandExecutor.java:158)
at org.openqa.selenium.remote.service.DriverCommandExecutor.execute(DriverCommandExecutor.java:83)
at org.openqa.selenium.remote.RemoteWebDriver.execute(RemoteWebDriver.java:552)
at org.openqa.selenium.remote.RemoteWebElement.execute(RemoteWebElement.java:285)
at org.openqa.selenium.remote.RemoteWebElement.click(RemoteWebElement.java:84)
at sun.reflect.GeneratedMethodAccessor1.invoke(Unknown Source)
at sun.reflect.DelegatingMethodAccessorImpl.invoke(Unknown Source)
at java.lang.reflect.Method.invoke(Unknown Source)
at org.openqa.selenium.support.pagefactory.internal.LocatingElementHandler.invoke(LocatingElementHandler.java:51)
at com.sun.proxy.$Proxy12.click(Unknown Source)
at com.automation.pages.TaxInvoice.clickOnExportRadioButton(TaxInvoice.java:704)
at com.automation.tests.TaxInvoiceTest.gstinFieldDisplayCheck2(TaxInvoiceTest.java:240)
at sun.reflect.NativeMethodAccessorImpl.invoke0(Native Method)
at sun.reflect.NativeMethodAccessorImpl.invoke(Unknown Source)
at sun.reflect.DelegatingMethodAccessorImpl.invoke(Unknown Source)
at java.lang.reflect.Method.invoke(Unknown Source)
at org.testng.internal.MethodInvocationHelper.invokeMethod(MethodInvocationHelper.java:132)
at org.testng.internal.TestInvoker.invokeMethod(TestInvoker.java:599)
at org.testng.internal.TestInvoker.invokeTestMethod(TestInvoker.java:174)
at org.testng.internal.MethodRunner.runInSequence(MethodRunner.java:46)
at org.testng.internal.TestInvoker$MethodInvocationAgent.invoke(TestInvoker.java:822)
at org.testng.internal.TestInvoker.invokeTestMethods(TestInvoker.java:147)
at org.testng.internal.TestMethodWorker.invokeTestMethods(TestMethodWorker.java:146)
at org.testng.internal.TestMethodWorker.run(TestMethodWorker.java:128)
at java.util.ArrayList.forEach(Unknown Source)
at org.testng.TestRunner.privateRun(TestRunner.java:764)
at org.testng.TestRunner.run(TestRunner.java:585)
at org.testng.SuiteRunner.runTest(SuiteRunner.java:384)
at org.testng.SuiteRunner.runSequentially(SuiteRunner.java:378)
at org.testng.SuiteRunner.privateRun(SuiteRunner.java:337)
at org.testng.SuiteRunner.run(SuiteRunner.java:286)
at org.testng.SuiteRunnerWorker.runSuite(SuiteRunnerWorker.java:53)
at org.testng.SuiteRunnerWorker.run(SuiteRunnerWorker.java:96)
at org.testng.TestNG.runSuitesSequentially(TestNG.java:1218)
at org.testng.TestNG.runSuitesLocally(TestNG.java:1140)
at org.testng.TestNG.runSuites(TestNG.java:1069)
at org.testng.TestNG.run(TestNG.java:1037)
at org.testng.remote.AbstractRemoteTestNG.run(AbstractRemoteTestNG.java:115)
at org.testng.remote.RemoteTestNG.initAndRun(RemoteTestNG.java:251)
at org.testng.remote.RemoteTestNG.main(RemoteTestNG.java:77)
]]>
    </failure>
  </testcase> <!-- gstinFieldDisplayCheck2 -->
  <testcase name="gstinFieldDisplayCheck3" time="10.179" classname="com.automation.tests.TaxInvoiceTest">
    <failure type="org.openqa.selenium.NoSuchWindowException" message="no such window: target window already closed
from unknown error: web view not found
  (Session info: chrome=89.0.4389.128)
Build info: version: &amp;apos;3.141.59&amp;apos;, revision: &amp;apos;e82be7d358&amp;apos;, time: &amp;apos;2018-11-14T08:17:03&amp;apos;
System info: host: &amp;apos;DESKTOP-THTD9N4&amp;apos;, ip: &amp;apos;192.168.8.83&amp;apos;, os.name: &amp;apos;Windows 10&amp;apos;, os.arch: &amp;apos;amd64&amp;apos;, os.version: &amp;apos;10.0&amp;apos;, java.version: &amp;apos;1.8.0_271&amp;apos;
Driver info: org.openqa.selenium.chrome.ChromeDriver
Capabilities {acceptInsecureCerts: false, browserName: chrome, browserVersion: 89.0.4389.128, chrome: {chromedriverVersion: 89.0.4389.23 (61b08ee2c5002..., userDataDir: C:\Users\SSD\AppData\Local\...}, goog:chromeOptions: {debuggerAddress: localhost:63814}, javascriptEnabled: true, networkConnectionEnabled: false, pageLoadStrategy: normal, platform: WINDOWS, platformName: WINDOWS, proxy: Proxy(), setWindowRect: true, strictFileInteractability: false, timeouts: {implicit: 0, pageLoad: 300000, script: 30000}, unhandledPromptBehavior: dismiss and notify, webauthn:extension:largeBlob: true, webauthn:virtualAuthenticators: true}
Session ID: 7bc3c63c1c632a51cd7b96a6f9555fb3
*** Element info: {Using=xpath, value=//select[@id=&amp;apos;InvoiceTypeDesc&amp;apos;]}">
      <![CDATA[org.openqa.selenium.NoSuchWindowException: no such window: target window already closed
from unknown error: web view not found
  (Session info: chrome=89.0.4389.128)
Build info: version: '3.141.59', revision: 'e82be7d358', time: '2018-11-14T08:17:03'
System info: host: 'DESKTOP-THTD9N4', ip: '192.168.8.83', os.name: 'Windows 10', os.arch: 'amd64', os.version: '10.0', java.version: '1.8.0_271'
Driver info: org.openqa.selenium.chrome.ChromeDriver
Capabilities {acceptInsecureCerts: false, browserName: chrome, browserVersion: 89.0.4389.128, chrome: {chromedriverVersion: 89.0.4389.23 (61b08ee2c5002..., userDataDir: C:\Users\SSD\AppData\Local\...}, goog:chromeOptions: {debuggerAddress: localhost:63814}, javascriptEnabled: true, networkConnectionEnabled: false, pageLoadStrategy: normal, platform: WINDOWS, platformName: WINDOWS, proxy: Proxy(), setWindowRect: true, strictFileInteractability: false, timeouts: {implicit: 0, pageLoad: 300000, script: 30000}, unhandledPromptBehavior: dismiss and notify, webauthn:extension:largeBlob: true, webauthn:virtualAuthenticators: true}
Session ID: 7bc3c63c1c632a51cd7b96a6f9555fb3
*** Element info: {Using=xpath, value=//select[@id='InvoiceTypeDesc']}
at sun.reflect.NativeConstructorAccessorImpl.newInstance0(Native Method)
at sun.reflect.NativeConstructorAccessorImpl.newInstance(Unknown Source)
at sun.reflect.DelegatingConstructorAccessorImpl.newInstance(Unknown Source)
at java.lang.reflect.Constructor.newInstance(Unknown Source)
at org.openqa.selenium.remote.http.W3CHttpResponseCodec.createException(W3CHttpResponseCodec.java:187)
at org.openqa.selenium.remote.http.W3CHttpResponseCodec.decode(W3CHttpResponseCodec.java:122)
at org.openqa.selenium.remote.http.W3CHttpResponseCodec.decode(W3CHttpResponseCodec.java:49)
at org.openqa.selenium.remote.HttpCommandExecutor.execute(HttpCommandExecutor.java:158)
at org.openqa.selenium.remote.service.DriverCommandExecutor.execute(DriverCommandExecutor.java:83)
at org.openqa.selenium.remote.RemoteWebDriver.execute(RemoteWebDriver.java:552)
at org.openqa.selenium.remote.RemoteWebDriver.findElement(RemoteWebDriver.java:323)
at org.openqa.selenium.remote.RemoteWebDriver.findElementByXPath(RemoteWebDriver.java:428)
at org.openqa.selenium.By$ByXPath.findElement(By.java:353)
at org.openqa.selenium.remote.RemoteWebDriver.findElement(RemoteWebDriver.java:315)
at org.openqa.selenium.support.pagefactory.DefaultElementLocator.findElement(DefaultElementLocator.java:69)
at org.openqa.selenium.support.pagefactory.internal.LocatingElementHandler.invoke(LocatingElementHandler.java:38)
at com.sun.proxy.$Proxy12.getTagName(Unknown Source)
at org.openqa.selenium.support.ui.Select.<init>(Select.java:45)
at com.automation.pages.TaxInvoice.selectExportType(TaxInvoice.java:286)
at com.automation.tests.TaxInvoiceTest.gstinFieldDisplayCheck3(TaxInvoiceTest.java:248)
at sun.reflect.NativeMethodAccessorImpl.invoke0(Native Method)
at sun.reflect.NativeMethodAccessorImpl.invoke(Unknown Source)
at sun.reflect.DelegatingMethodAccessorImpl.invoke(Unknown Source)
at java.lang.reflect.Method.invoke(Unknown Source)
at org.testng.internal.MethodInvocationHelper.invokeMethod(MethodInvocationHelper.java:132)
at org.testng.internal.TestInvoker.invokeMethod(TestInvoker.java:599)
at org.testng.internal.TestInvoker.invokeTestMethod(TestInvoker.java:174)
at org.testng.internal.MethodRunner.runInSequence(MethodRunner.java:46)
at org.testng.internal.TestInvoker$MethodInvocationAgent.invoke(TestInvoker.java:822)
at org.testng.internal.TestInvoker.invokeTestMethods(TestInvoker.java:147)
at org.testng.internal.TestMethodWorker.invokeTestMethods(TestMethodWorker.java:146)
at org.testng.internal.TestMethodWorker.run(TestMethodWorker.java:128)
at java.util.ArrayList.forEach(Unknown Source)
at org.testng.TestRunner.privateRun(TestRunner.java:764)
at org.testng.TestRunner.run(TestRunner.java:585)
at org.testng.SuiteRunner.runTest(SuiteRunner.java:384)
at org.testng.SuiteRunner.runSequentially(SuiteRunner.java:378)
at org.testng.SuiteRunner.privateRun(SuiteRunner.java:337)
at org.testng.SuiteRunner.run(SuiteRunner.java:286)
at org.testng.SuiteRunnerWorker.runSuite(SuiteRunnerWorker.java:53)
at org.testng.SuiteRunnerWorker.run(SuiteRunnerWorker.java:96)
at org.testng.TestNG.runSuitesSequentially(TestNG.java:1218)
at org.testng.TestNG.runSuitesLocally(TestNG.java:1140)
at org.testng.TestNG.runSuites(TestNG.java:1069)
at org.testng.TestNG.run(TestNG.java:1037)
at org.testng.remote.AbstractRemoteTestNG.run(AbstractRemoteTestNG.java:115)
at org.testng.remote.RemoteTestNG.initAndRun(RemoteTestNG.java:251)
at org.testng.remote.RemoteTestNG.main(RemoteTestNG.java:77)
]]>
    </failure>
  </testcase> <!-- gstinFieldDisplayCheck3 -->
  <testcase name="gstinFieldDisplayCheck4" time="0.0" classname="com.automation.tests.TaxInvoiceTest">
    <skipped/>
  </testcase> <!-- gstinFieldDisplayCheck4 -->
  <testcase name="gstinFieldDisplayCheck5" time="0.0" classname="com.automation.tests.TaxInvoiceTest">
    <skipped/>
  </testcase> <!-- gstinFieldDisplayCheck5 -->
  <testcase name="posFieldDisplayCheck1" time="0.0" classname="com.automation.tests.TaxInvoiceTest">
    <skipped/>
  </testcase> <!-- posFieldDisplayCheck1 -->
  <testcase name="posFieldDisplayCheck2" time="0.0" classname="com.automation.tests.TaxInvoiceTest">
    <skipped/>
  </testcase> <!-- posFieldDisplayCheck2 -->
  <testcase name="posFieldDisplayCheck3" time="0.0" classname="com.automation.tests.TaxInvoiceTest">
    <skipped/>
  </testcase> <!-- posFieldDisplayCheck3 -->
  <testcase name="posFieldDisplayCheck4" time="0.0" classname="com.automation.tests.TaxInvoiceTest">
    <skipped/>
  </testcase> <!-- posFieldDisplayCheck4 -->
  <testcase name="posFieldDisplayCheck5" time="0.0" classname="com.automation.tests.TaxInvoiceTest">
    <skipped/>
  </testcase> <!-- posFieldDisplayCheck5 -->
  <testcase name="suppClaimDisplayCheck1" time="0.0" classname="com.automation.tests.TaxInvoiceTest">
    <skipped/>
  </testcase> <!-- suppClaimDisplayCheck1 -->
  <testcase name="suppClaimDisplayCheck2" time="0.0" classname="com.automation.tests.TaxInvoiceTest">
    <skipped/>
  </testcase> <!-- suppClaimDisplayCheck2 -->
  <testcase name="suppClaimDisplayCheck3" time="0.0" classname="com.automation.tests.TaxInvoiceTest">
    <skipped/>
  </testcase> <!-- suppClaimDisplayCheck3 -->
  <testcase name="suppClaimDisplayCheck4" time="0.0" classname="com.automation.tests.TaxInvoiceTest">
    <skipped/>
  </testcase> <!-- suppClaimDisplayCheck4 -->
  <testcase name="suppClaimDisplayCheck5" time="0.0" classname="com.automation.tests.TaxInvoiceTest">
    <skipped/>
  </testcase> <!-- suppClaimDisplayCheck5 -->
  <testcase name="igstActDisplayCheck1" time="0.0" classname="com.automation.tests.TaxInvoiceTest">
    <skipped/>
  </testcase> <!-- igstActDisplayCheck1 -->
  <testcase name="igstActDisplayCheck2" time="0.0" classname="com.automation.tests.TaxInvoiceTest">
    <skipped/>
  </testcase> <!-- igstActDisplayCheck2 -->
  <testcase name="igstActDisplayCheck3" time="0.0" classname="com.automation.tests.TaxInvoiceTest">
    <skipped/>
  </testcase> <!-- igstActDisplayCheck3 -->
  <testcase name="igstActDisplayCheck4" time="0.0" classname="com.automation.tests.TaxInvoiceTest">
    <skipped/>
  </testcase> <!-- igstActDisplayCheck4 -->
  <testcase name="igstActDisplayCheck5" time="0.0" classname="com.automation.tests.TaxInvoiceTest">
    <skipped/>
  </testcase> <!-- igstActDisplayCheck5 -->
  <testcase name="differentialPercentagDisplayCheck1" time="0.0" classname="com.automation.tests.TaxInvoiceTest">
    <skipped/>
  </testcase> <!-- differentialPercentagDisplayCheck1 -->
  <testcase name="differentialPercentagDisplayCheck2" time="0.0" classname="com.automation.tests.TaxInvoiceTest">
    <skipped/>
  </testcase> <!-- differentialPercentagDisplayCheck2 -->
  <testcase name="differentialPercentagDisplayCheck3" time="0.0" classname="com.automation.tests.TaxInvoiceTest">
    <skipped/>
  </testcase> <!-- differentialPercentagDisplayCheck3 -->
  <testcase name="differentialPercentagDisplayCheck4" time="0.0" classname="com.automation.tests.TaxInvoiceTest">
    <skipped/>
  </testcase> <!-- differentialPercentagDisplayCheck4 -->
  <testcase name="differentialPercentagDisplayCheck5" time="0.0" classname="com.automation.tests.TaxInvoiceTest">
    <skipped/>
  </testcase> <!-- differentialPercentagDisplayCheck5 -->
  <testcase name="taxCalcualtionSezwop" time="0.0" classname="com.automation.tests.TaxInvoiceTest">
    <skipped/>
  </testcase> <!-- taxCalcualtionSezwop -->
  <testcase name="taxCalcualtionExwop" time="0.0" classname="com.automation.tests.TaxInvoiceTest">
    <skipped/>
  </testcase> <!-- taxCalcualtionExwop -->
  <testcase name="taxCalcualtionDe" time="0.0" classname="com.automation.tests.TaxInvoiceTest">
    <skipped/>
  </testcase> <!-- taxCalcualtionDe -->
  <testcase name="taxCalcualtionSezwp" time="0.0" classname="com.automation.tests.TaxInvoiceTest">
    <skipped/>
  </testcase> <!-- taxCalcualtionSezwp -->
  <testcase name="taxCalcualtionExwp" time="0.0" classname="com.automation.tests.TaxInvoiceTest">
    <skipped/>
  </testcase> <!-- taxCalcualtionExwp -->
  <testcase name="checkExportTypevalidationMsg" time="0.0" classname="com.automation.tests.TaxInvoiceTest">
    <skipped/>
  </testcase> <!-- checkExportTypevalidationMsg -->
  <testcase name="checkShipBillNoValidationMsg" time="0.0" classname="com.automation.tests.TaxInvoiceTest">
    <skipped/>
  </testcase> <!-- checkShipBillNoValidationMsg -->
  <testcase name="checkShipBillExDateValidationMsg" time="0.0" classname="com.automation.tests.TaxInvoiceTest">
    <skipped/>
  </testcase> <!-- checkShipBillExDateValidationMsg -->
  <testcase name="checkCurrencyValidationMsg" time="0.0" classname="com.automation.tests.TaxInvoiceTest">
    <skipped/>
  </testcase> <!-- checkCurrencyValidationMsg -->
</testsuite> <!-- Default test -->
