<?xml version="1.0" encoding="UTF-8"?>
<!-- Generated by org.testng.reporters.JUnitXMLReporter -->
<testsuite hostname="DESKTOP-THTD9N4" ignored="0" name="Default test" tests="2" failures="0" timestamp="2021-03-21T19:52:29 IST" time="9.17" errors="0">
  <testcase name="navigateToTaxInvoicePage" time="2.687" classname="com.automation.tests.TaxInvoiceTest"/>
  <testcase name="navigateToAddTaxInvoicePage" time="6.314" classname="com.automation.tests.TaxInvoiceTest"/>
</testsuite> <!-- Default test -->
