<?xml version="1.0" encoding="UTF-8"?>
<!-- Generated by org.testng.reporters.JUnitXMLReporter -->
<testsuite hostname="DESKTOP-THTD9N4" ignored="0" name="Default test" tests="50" failures="1" timestamp="2021-04-19T18:55:46 IST" time="298.914" errors="0">
  <testcase name="navigateToTaxInvoicePage" time="8.0" classname="com.automation.tests.TaxInvoiceTest"/>
  <testcase name="navigateToAddTaxInvoicePage" time="9.583" classname="com.automation.tests.TaxInvoiceTest"/>
  <testcase name="backToTaxInvoicePage" time="4.056" classname="com.automation.tests.TaxInvoiceTest"/>
  <testcase name="validation" time="5.467" classname="com.automation.tests.TaxInvoiceTest"/>
  <testcase name="invoiceTypeValidation" time="4.621" classname="com.automation.tests.TaxInvoiceTest"/>
  <testcase name="checkSameAsBillingAddressFunctionality" time="9.63" classname="com.automation.tests.TaxInvoiceTest"/>
  <testcase name="verifyIndianAlertMessage" time="4.524" classname="com.automation.tests.TaxInvoiceTest"/>
  <testcase name="verifySupplyReverseCharge" time="2.697" classname="com.automation.tests.TaxInvoiceTest"/>
  <testcase name="verifyIgstValue" time="3.758" classname="com.automation.tests.TaxInvoiceTest"/>
  <testcase name="verifyCgstAndSgstValue" time="3.97" classname="com.automation.tests.TaxInvoiceTest"/>
  <testcase name="verifyIgstActFunctionality" time="4.2" classname="com.automation.tests.TaxInvoiceTest"/>
  <testcase name="verifyRedirectionToTaxInvoicePage" time="12.023" classname="com.automation.tests.TaxInvoiceTest"/>
  <testcase name="verifyCreatedInvoice" time="23.214" classname="com.automation.tests.TaxInvoiceTest"/>
  <testcase name="verifyInvoiceCreationWithoutShippingAddress" time="17.79" classname="com.automation.tests.TaxInvoiceTest"/>
  <testcase name="verifyMultipleLineItems" time="37.861" classname="com.automation.tests.TaxInvoiceTest">
    <failure type="org.openqa.selenium.NoSuchElementException" message="no such element: Unable to locate element: {&amp;quot;method&amp;quot;:&amp;quot;xpath&amp;quot;,&amp;quot;selector&amp;quot;:&amp;quot;//tbody/tr[6]/td[1]/div[1]/div[1]/select[1]&amp;quot;}
  (Session info: chrome=89.0.4389.128)
For documentation on this error, please visit: https://www.seleniumhq.org/exceptions/no_such_element.html
Build info: version: &amp;apos;3.141.59&amp;apos;, revision: &amp;apos;e82be7d358&amp;apos;, time: &amp;apos;2018-11-14T08:17:03&amp;apos;
System info: host: &amp;apos;DESKTOP-THTD9N4&amp;apos;, ip: &amp;apos;192.168.8.85&amp;apos;, os.name: &amp;apos;Windows 10&amp;apos;, os.arch: &amp;apos;amd64&amp;apos;, os.version: &amp;apos;10.0&amp;apos;, java.version: &amp;apos;1.8.0_271&amp;apos;
Driver info: org.openqa.selenium.chrome.ChromeDriver
Capabilities {acceptInsecureCerts: false, browserName: chrome, browserVersion: 89.0.4389.128, chrome: {chromedriverVersion: 89.0.4389.23 (61b08ee2c5002..., userDataDir: C:\Users\SSD\AppData\Local\...}, goog:chromeOptions: {debuggerAddress: localhost:57495}, javascriptEnabled: true, networkConnectionEnabled: false, pageLoadStrategy: normal, platform: WINDOWS, platformName: WINDOWS, proxy: Proxy(), setWindowRect: true, strictFileInteractability: false, timeouts: {implicit: 0, pageLoad: 300000, script: 30000}, unhandledPromptBehavior: dismiss and notify, webauthn:extension:largeBlob: true, webauthn:virtualAuthenticators: true}
Session ID: c00026136d9fdc310b0ab8b5d31221ba
*** Element info: {Using=xpath, value=//tbody/tr[6]/td[1]/div[1]/div[1]/select[1]}">
      <![CDATA[org.openqa.selenium.NoSuchElementException: no such element: Unable to locate element: {"method":"xpath","selector":"//tbody/tr[6]/td[1]/div[1]/div[1]/select[1]"}
  (Session info: chrome=89.0.4389.128)
For documentation on this error, please visit: https://www.seleniumhq.org/exceptions/no_such_element.html
Build info: version: '3.141.59', revision: 'e82be7d358', time: '2018-11-14T08:17:03'
System info: host: 'DESKTOP-THTD9N4', ip: '192.168.8.85', os.name: 'Windows 10', os.arch: 'amd64', os.version: '10.0', java.version: '1.8.0_271'
Driver info: org.openqa.selenium.chrome.ChromeDriver
Capabilities {acceptInsecureCerts: false, browserName: chrome, browserVersion: 89.0.4389.128, chrome: {chromedriverVersion: 89.0.4389.23 (61b08ee2c5002..., userDataDir: C:\Users\SSD\AppData\Local\...}, goog:chromeOptions: {debuggerAddress: localhost:57495}, javascriptEnabled: true, networkConnectionEnabled: false, pageLoadStrategy: normal, platform: WINDOWS, platformName: WINDOWS, proxy: Proxy(), setWindowRect: true, strictFileInteractability: false, timeouts: {implicit: 0, pageLoad: 300000, script: 30000}, unhandledPromptBehavior: dismiss and notify, webauthn:extension:largeBlob: true, webauthn:virtualAuthenticators: true}
Session ID: c00026136d9fdc310b0ab8b5d31221ba
*** Element info: {Using=xpath, value=//tbody/tr[6]/td[1]/div[1]/div[1]/select[1]}
at sun.reflect.NativeConstructorAccessorImpl.newInstance0(Native Method)
at sun.reflect.NativeConstructorAccessorImpl.newInstance(Unknown Source)
at sun.reflect.DelegatingConstructorAccessorImpl.newInstance(Unknown Source)
at java.lang.reflect.Constructor.newInstance(Unknown Source)
at org.openqa.selenium.remote.http.W3CHttpResponseCodec.createException(W3CHttpResponseCodec.java:187)
at org.openqa.selenium.remote.http.W3CHttpResponseCodec.decode(W3CHttpResponseCodec.java:122)
at org.openqa.selenium.remote.http.W3CHttpResponseCodec.decode(W3CHttpResponseCodec.java:49)
at org.openqa.selenium.remote.HttpCommandExecutor.execute(HttpCommandExecutor.java:158)
at org.openqa.selenium.remote.service.DriverCommandExecutor.execute(DriverCommandExecutor.java:83)
at org.openqa.selenium.remote.RemoteWebDriver.execute(RemoteWebDriver.java:552)
at org.openqa.selenium.remote.RemoteWebDriver.findElement(RemoteWebDriver.java:323)
at org.openqa.selenium.remote.RemoteWebDriver.findElementByXPath(RemoteWebDriver.java:428)
at org.openqa.selenium.By$ByXPath.findElement(By.java:353)
at org.openqa.selenium.remote.RemoteWebDriver.findElement(RemoteWebDriver.java:315)
at com.automation.pages.TaxInvoice.enterMultipleLineItems(TaxInvoice.java:317)
at com.automation.tests.TaxInvoiceTest.verifyMultipleLineItems(TaxInvoiceTest.java:191)
at sun.reflect.NativeMethodAccessorImpl.invoke0(Native Method)
at sun.reflect.NativeMethodAccessorImpl.invoke(Unknown Source)
at sun.reflect.DelegatingMethodAccessorImpl.invoke(Unknown Source)
at java.lang.reflect.Method.invoke(Unknown Source)
at org.testng.internal.MethodInvocationHelper.invokeMethod(MethodInvocationHelper.java:132)
at org.testng.internal.TestInvoker.invokeMethod(TestInvoker.java:599)
at org.testng.internal.TestInvoker.invokeTestMethod(TestInvoker.java:174)
at org.testng.internal.MethodRunner.runInSequence(MethodRunner.java:46)
at org.testng.internal.TestInvoker$MethodInvocationAgent.invoke(TestInvoker.java:822)
at org.testng.internal.TestInvoker.invokeTestMethods(TestInvoker.java:147)
at org.testng.internal.TestMethodWorker.invokeTestMethods(TestMethodWorker.java:146)
at org.testng.internal.TestMethodWorker.run(TestMethodWorker.java:128)
at java.util.ArrayList.forEach(Unknown Source)
at org.testng.TestRunner.privateRun(TestRunner.java:764)
at org.testng.TestRunner.run(TestRunner.java:585)
at org.testng.SuiteRunner.runTest(SuiteRunner.java:384)
at org.testng.SuiteRunner.runSequentially(SuiteRunner.java:378)
at org.testng.SuiteRunner.privateRun(SuiteRunner.java:337)
at org.testng.SuiteRunner.run(SuiteRunner.java:286)
at org.testng.SuiteRunnerWorker.runSuite(SuiteRunnerWorker.java:53)
at org.testng.SuiteRunnerWorker.run(SuiteRunnerWorker.java:96)
at org.testng.TestNG.runSuitesSequentially(TestNG.java:1218)
at org.testng.TestNG.runSuitesLocally(TestNG.java:1140)
at org.testng.TestNG.runSuites(TestNG.java:1069)
at org.testng.TestNG.run(TestNG.java:1037)
at org.testng.remote.AbstractRemoteTestNG.run(AbstractRemoteTestNG.java:115)
at org.testng.remote.RemoteTestNG.initAndRun(RemoteTestNG.java:251)
at org.testng.remote.RemoteTestNG.main(RemoteTestNG.java:77)
]]>
    </failure>
  </testcase> <!-- verifyMultipleLineItems -->
  <testcase name="deleteMultipleLineItems" time="20.128" classname="com.automation.tests.TaxInvoiceTest"/>
  <testcase name="gstinFieldDisplayCheck1" time="2.39" classname="com.automation.tests.TaxInvoiceTest"/>
  <testcase name="gstinFieldDisplayCheck2" time="2.766" classname="com.automation.tests.TaxInvoiceTest"/>
  <testcase name="gstinFieldDisplayCheck3" time="3.618" classname="com.automation.tests.TaxInvoiceTest"/>
  <testcase name="gstinFieldDisplayCheck4" time="1.451" classname="com.automation.tests.TaxInvoiceTest"/>
  <testcase name="gstinFieldDisplayCheck5" time="3.139" classname="com.automation.tests.TaxInvoiceTest"/>
  <testcase name="posFieldDisplayCheck1" time="2.96" classname="com.automation.tests.TaxInvoiceTest"/>
  <testcase name="posFieldDisplayCheck2" time="2.975" classname="com.automation.tests.TaxInvoiceTest"/>
  <testcase name="posFieldDisplayCheck3" time="3.333" classname="com.automation.tests.TaxInvoiceTest"/>
  <testcase name="posFieldDisplayCheck4" time="2.984" classname="com.automation.tests.TaxInvoiceTest"/>
  <testcase name="posFieldDisplayCheck5" time="3.106" classname="com.automation.tests.TaxInvoiceTest"/>
  <testcase name="suppClaimDisplayCheck1" time="3.437" classname="com.automation.tests.TaxInvoiceTest"/>
  <testcase name="suppClaimDisplayCheck2" time="3.251" classname="com.automation.tests.TaxInvoiceTest"/>
  <testcase name="suppClaimDisplayCheck3" time="4.224" classname="com.automation.tests.TaxInvoiceTest"/>
  <testcase name="suppClaimDisplayCheck4" time="2.89" classname="com.automation.tests.TaxInvoiceTest"/>
  <testcase name="suppClaimDisplayCheck5" time="3.163" classname="com.automation.tests.TaxInvoiceTest"/>
  <testcase name="igstActDisplayCheck1" time="3.059" classname="com.automation.tests.TaxInvoiceTest"/>
  <testcase name="igstActDisplayCheck2" time="1.3" classname="com.automation.tests.TaxInvoiceTest"/>
  <testcase name="igstActDisplayCheck3" time="3.227" classname="com.automation.tests.TaxInvoiceTest"/>
  <testcase name="igstActDisplayCheck4" time="3.161" classname="com.automation.tests.TaxInvoiceTest"/>
  <testcase name="igstActDisplayCheck5" time="3.002" classname="com.automation.tests.TaxInvoiceTest"/>
  <testcase name="differentialPercentagDisplayCheck1" time="3.174" classname="com.automation.tests.TaxInvoiceTest"/>
  <testcase name="differentialPercentagDisplayCheck2" time="3.385" classname="com.automation.tests.TaxInvoiceTest"/>
  <testcase name="differentialPercentagDisplayCheck3" time="3.311" classname="com.automation.tests.TaxInvoiceTest"/>
  <testcase name="differentialPercentagDisplayCheck4" time="3.395" classname="com.automation.tests.TaxInvoiceTest"/>
  <testcase name="differentialPercentagDisplayCheck5" time="3.247" classname="com.automation.tests.TaxInvoiceTest"/>
  <testcase name="taxCalcualtionSezwop" time="4.354" classname="com.automation.tests.TaxInvoiceTest"/>
  <testcase name="taxCalcualtionExwop" time="4.51" classname="com.automation.tests.TaxInvoiceTest"/>
  <testcase name="taxCalcualtionDe" time="4.757" classname="com.automation.tests.TaxInvoiceTest"/>
  <testcase name="taxCalcualtionSezwp" time="4.552" classname="com.automation.tests.TaxInvoiceTest"/>
  <testcase name="taxCalcualtionExwp" time="4.365" classname="com.automation.tests.TaxInvoiceTest"/>
  <testcase name="checkExportTypevalidationMsg" time="3.255" classname="com.automation.tests.TaxInvoiceTest"/>
  <testcase name="checkShipBillNoValidationMsg" time="5.729" classname="com.automation.tests.TaxInvoiceTest"/>
  <testcase name="checkShipBillExDateValidationMsg" time="6.19" classname="com.automation.tests.TaxInvoiceTest"/>
  <testcase name="checkCurrencyValidationMsg" time="2.076" classname="com.automation.tests.TaxInvoiceTest"/>
</testsuite> <!-- Default test -->
