<?xml version="1.0" encoding="UTF-8"?>
<!-- Generated by org.testng.reporters.JUnitXMLReporter -->
<testsuite hostname="DESKTOP-THTD9N4" ignored="0" name="Default test" tests="3" failures="0" timestamp="2021-04-16T02:25:21 IST" time="18.148" errors="0">
  <testcase name="navigateToTaxInvoicePage" time="6.792" classname="com.automation.tests.TaxInvoiceTest"/>
  <testcase name="navigateToAddTaxInvoicePage" time="8.372" classname="com.automation.tests.TaxInvoiceTest"/>
  <testcase name="checkCurrencyValidationMsg" time="1.472" classname="com.automation.tests.TaxInvoiceTest"/>
</testsuite> <!-- Default test -->
