<?xml version="1.0" encoding="UTF-8"?>
<testng-results skipped="0" failed="0" ignored="0" total="3" passed="3">
  <reporter-output>
  </reporter-output>
  <suite name="Default suite" duration-ms="12592" started-at="2021-03-23T01:22:19 IST" finished-at="2021-03-23T01:22:31 IST">
    <groups>
    </groups>
    <test name="Default test" duration-ms="12592" started-at="2021-03-23T01:22:19 IST" finished-at="2021-03-23T01:22:31 IST">
      <class name="com.automation.tests.TaxInvoiceTest">
        <test-method status="PASS" signature="before()[pri:0, instance:com.automation.tests.TaxInvoiceTest@1c3a4799]" name="before" is-config="true" duration-ms="20908" started-at="2021-03-23T01:21:58 IST" finished-at="2021-03-23T01:22:19 IST">
          <reporter-output>
          </reporter-output>
        </test-method> <!-- before -->
        <test-method status="PASS" signature="setup()[pri:0, instance:com.automation.tests.TaxInvoiceTest@1c3a4799]" name="setup" is-config="true" duration-ms="67" started-at="2021-03-23T01:22:19 IST" finished-at="2021-03-23T01:22:19 IST">
          <reporter-output>
          </reporter-output>
        </test-method> <!-- setup -->
        <test-method status="PASS" signature="reload()[pri:0, instance:com.automation.tests.TaxInvoiceTest@1c3a4799]" name="reload" is-config="true" duration-ms="159" started-at="2021-03-23T01:22:19 IST" finished-at="2021-03-23T01:22:19 IST">
          <reporter-output>
          </reporter-output>
        </test-method> <!-- reload -->
        <test-method status="PASS" signature="navigateToTaxInvoicePage()[pri:1, instance:com.automation.tests.TaxInvoiceTest@1c3a4799]" name="navigateToTaxInvoicePage" duration-ms="3513" started-at="2021-03-23T01:22:19 IST" finished-at="2021-03-23T01:22:23 IST">
          <reporter-output>
          </reporter-output>
        </test-method> <!-- navigateToTaxInvoicePage -->
        <test-method status="PASS" signature="reload()[pri:0, instance:com.automation.tests.TaxInvoiceTest@1c3a4799]" name="reload" is-config="true" duration-ms="74" started-at="2021-03-23T01:22:23 IST" finished-at="2021-03-23T01:22:23 IST">
          <reporter-output>
          </reporter-output>
        </test-method> <!-- reload -->
        <test-method status="PASS" signature="navigateToAddTaxInvoicePage()[pri:2, instance:com.automation.tests.TaxInvoiceTest@1c3a4799]" name="navigateToAddTaxInvoicePage" duration-ms="5142" started-at="2021-03-23T01:22:23 IST" finished-at="2021-03-23T01:22:28 IST">
          <reporter-output>
          </reporter-output>
        </test-method> <!-- navigateToAddTaxInvoicePage -->
        <test-method status="PASS" signature="reload()[pri:0, instance:com.automation.tests.TaxInvoiceTest@1c3a4799]" name="reload" is-config="true" duration-ms="19" started-at="2021-03-23T01:22:28 IST" finished-at="2021-03-23T01:22:28 IST">
          <reporter-output>
          </reporter-output>
        </test-method> <!-- reload -->
        <test-method status="PASS" signature="backToTaxInvoicePage()[pri:3, instance:com.automation.tests.TaxInvoiceTest@1c3a4799]" name="backToTaxInvoicePage" duration-ms="3554" started-at="2021-03-23T01:22:28 IST" finished-at="2021-03-23T01:22:31 IST">
          <reporter-output>
          </reporter-output>
        </test-method> <!-- backToTaxInvoicePage -->
        <test-method status="PASS" signature="tearDown()[pri:0, instance:com.automation.tests.TaxInvoiceTest@1c3a4799]" name="tearDown" is-config="true" duration-ms="1" started-at="2021-03-23T01:22:31 IST" finished-at="2021-03-23T01:22:31 IST">
          <reporter-output>
          </reporter-output>
        </test-method> <!-- tearDown -->
        <test-method status="PASS" signature="closeBrowser()[pri:0, instance:com.automation.tests.TaxInvoiceTest@1c3a4799]" name="closeBrowser" is-config="true" duration-ms="5760" started-at="2021-03-23T01:22:31 IST" finished-at="2021-03-23T01:22:37 IST">
          <reporter-output>
          </reporter-output>
        </test-method> <!-- closeBrowser -->
      </class> <!-- com.automation.tests.TaxInvoiceTest -->
    </test> <!-- Default test -->
  </suite> <!-- Default suite -->
</testng-results>
