<?xml version="1.0" encoding="UTF-8"?>
<testng-results skipped="0" failed="1" ignored="0" total="50" passed="49">
  <reporter-output>
  </reporter-output>
  <suite name="Default suite" duration-ms="298914" started-at="2021-04-19T18:50:47 IST" finished-at="2021-04-19T18:55:46 IST">
    <groups>
    </groups>
    <test name="Default test" duration-ms="298914" started-at="2021-04-19T18:50:47 IST" finished-at="2021-04-19T18:55:46 IST">
      <class name="com.automation.tests.TaxInvoiceTest">
        <test-method status="PASS" signature="before()[pri:0, instance:com.automation.tests.TaxInvoiceTest@7c29daf3]" name="before" is-config="true" duration-ms="21327" started-at="2021-04-19T18:50:26 IST" finished-at="2021-04-19T18:50:47 IST">
          <reporter-output>
          </reporter-output>
        </test-method> <!-- before -->
        <test-method status="PASS" signature="setup()[pri:0, instance:com.automation.tests.TaxInvoiceTest@7c29daf3]" name="setup" is-config="true" duration-ms="85" started-at="2021-04-19T18:50:47 IST" finished-at="2021-04-19T18:50:47 IST">
          <reporter-output>
          </reporter-output>
        </test-method> <!-- setup -->
        <test-method status="PASS" signature="reload()[pri:0, instance:com.automation.tests.TaxInvoiceTest@7c29daf3]" name="reload" is-config="true" duration-ms="51" started-at="2021-04-19T18:50:47 IST" finished-at="2021-04-19T18:50:47 IST">
          <reporter-output>
          </reporter-output>
        </test-method> <!-- reload -->
        <test-method status="PASS" signature="navigateToTaxInvoicePage()[pri:1, instance:com.automation.tests.TaxInvoiceTest@7c29daf3]" name="navigateToTaxInvoicePage" duration-ms="8000" started-at="2021-04-19T18:50:47 IST" description="Verify User is able to redirect to Tax Invoice page." finished-at="2021-04-19T18:50:55 IST">
          <reporter-output>
          </reporter-output>
        </test-method> <!-- navigateToTaxInvoicePage -->
        <test-method status="PASS" signature="reload()[pri:0, instance:com.automation.tests.TaxInvoiceTest@7c29daf3]" name="reload" is-config="true" duration-ms="42" started-at="2021-04-19T18:50:55 IST" finished-at="2021-04-19T18:50:55 IST">
          <reporter-output>
          </reporter-output>
        </test-method> <!-- reload -->
        <test-method status="PASS" signature="navigateToAddTaxInvoicePage()[pri:2, instance:com.automation.tests.TaxInvoiceTest@7c29daf3]" name="navigateToAddTaxInvoicePage" duration-ms="9583" started-at="2021-04-19T18:50:55 IST" description="Verify User is able to redirect to Add tax Invoice Page" finished-at="2021-04-19T18:51:05 IST">
          <reporter-output>
          </reporter-output>
        </test-method> <!-- navigateToAddTaxInvoicePage -->
        <test-method status="PASS" signature="reload()[pri:0, instance:com.automation.tests.TaxInvoiceTest@7c29daf3]" name="reload" is-config="true" duration-ms="28" started-at="2021-04-19T18:51:05 IST" finished-at="2021-04-19T18:51:05 IST">
          <reporter-output>
          </reporter-output>
        </test-method> <!-- reload -->
        <test-method status="PASS" signature="backToTaxInvoicePage()[pri:3, instance:com.automation.tests.TaxInvoiceTest@7c29daf3]" name="backToTaxInvoicePage" duration-ms="4056" started-at="2021-04-19T18:51:05 IST" description="Verify that user should redirect to Tax Invoice page after clicking on Cancel Button" finished-at="2021-04-19T18:51:09 IST">
          <reporter-output>
          </reporter-output>
        </test-method> <!-- backToTaxInvoicePage -->
        <test-method status="PASS" signature="reload()[pri:0, instance:com.automation.tests.TaxInvoiceTest@7c29daf3]" name="reload" is-config="true" duration-ms="170" started-at="2021-04-19T18:51:09 IST" finished-at="2021-04-19T18:51:09 IST">
          <reporter-output>
          </reporter-output>
        </test-method> <!-- reload -->
        <test-method status="PASS" signature="validation()[pri:4, instance:com.automation.tests.TaxInvoiceTest@7c29daf3]" name="validation" duration-ms="5467" started-at="2021-04-19T18:51:09 IST" description="Verify that validations message should show for all mandatory fields" finished-at="2021-04-19T18:51:14 IST">
          <reporter-output>
          </reporter-output>
        </test-method> <!-- validation -->
        <test-method status="PASS" signature="reload()[pri:0, instance:com.automation.tests.TaxInvoiceTest@7c29daf3]" name="reload" is-config="true" duration-ms="22" started-at="2021-04-19T18:51:14 IST" finished-at="2021-04-19T18:51:14 IST">
          <reporter-output>
          </reporter-output>
        </test-method> <!-- reload -->
        <test-method status="PASS" signature="invoiceTypeValidation()[pri:5, instance:com.automation.tests.TaxInvoiceTest@7c29daf3]" name="invoiceTypeValidation" duration-ms="4621" started-at="2021-04-19T18:51:14 IST" description="Verify that alert message should show when user enters billing address without selecting Invoice Type." finished-at="2021-04-19T18:51:19 IST">
          <reporter-output>
          </reporter-output>
        </test-method> <!-- invoiceTypeValidation -->
        <test-method status="PASS" signature="reload()[pri:0, instance:com.automation.tests.TaxInvoiceTest@7c29daf3]" name="reload" is-config="true" duration-ms="50" started-at="2021-04-19T18:51:19 IST" finished-at="2021-04-19T18:51:19 IST">
          <reporter-output>
          </reporter-output>
        </test-method> <!-- reload -->
        <test-method status="PASS" signature="checkSameAsBillingAddressFunctionality()[pri:6, instance:com.automation.tests.TaxInvoiceTest@7c29daf3]" name="checkSameAsBillingAddressFunctionality" duration-ms="9630" started-at="2021-04-19T18:51:19 IST" description="Verify that same billing address is fetching in shipping address section when user checks Same as billing address option" finished-at="2021-04-19T18:51:29 IST">
          <reporter-output>
          </reporter-output>
        </test-method> <!-- checkSameAsBillingAddressFunctionality -->
        <test-method status="PASS" signature="reload()[pri:0, instance:com.automation.tests.TaxInvoiceTest@7c29daf3]" name="reload" is-config="true" duration-ms="1403" started-at="2021-04-19T18:51:29 IST" finished-at="2021-04-19T18:51:30 IST">
          <reporter-output>
          </reporter-output>
        </test-method> <!-- reload -->
        <test-method status="PASS" signature="verifyIndianAlertMessage()[pri:7, instance:com.automation.tests.TaxInvoiceTest@7c29daf3]" name="verifyIndianAlertMessage" duration-ms="4524" started-at="2021-04-19T18:51:30 IST" description="An alert should show when user enters international address as billing address in case of Regular invoice type." finished-at="2021-04-19T18:51:35 IST">
          <reporter-output>
          </reporter-output>
        </test-method> <!-- verifyIndianAlertMessage -->
        <test-method status="PASS" signature="reload()[pri:0, instance:com.automation.tests.TaxInvoiceTest@7c29daf3]" name="reload" is-config="true" duration-ms="30" started-at="2021-04-19T18:51:35 IST" finished-at="2021-04-19T18:51:35 IST">
          <reporter-output>
          </reporter-output>
        </test-method> <!-- reload -->
        <test-method status="PASS" signature="verifySupplyReverseCharge()[pri:8, instance:com.automation.tests.TaxInvoiceTest@7c29daf3]" name="verifySupplyReverseCharge" duration-ms="2697" started-at="2021-04-19T18:51:35 IST" description="Verify that reverse charge should show when user checks Supply Attract Reverse Charge option" finished-at="2021-04-19T18:51:37 IST">
          <reporter-output>
          </reporter-output>
        </test-method> <!-- verifySupplyReverseCharge -->
        <test-method status="PASS" signature="reload()[pri:0, instance:com.automation.tests.TaxInvoiceTest@7c29daf3]" name="reload" is-config="true" duration-ms="26" started-at="2021-04-19T18:51:37 IST" finished-at="2021-04-19T18:51:37 IST">
          <reporter-output>
          </reporter-output>
        </test-method> <!-- reload -->
        <test-method status="PASS" signature="verifyIgstValue()[pri:9, instance:com.automation.tests.TaxInvoiceTest@7c29daf3]" name="verifyIgstValue" duration-ms="3758" started-at="2021-04-19T18:51:37 IST" description="Verify that IGST value should not get calculate when user selects same POS state as of Supplier&#039;s" finished-at="2021-04-19T18:51:41 IST">
          <reporter-output>
          </reporter-output>
        </test-method> <!-- verifyIgstValue -->
        <test-method status="PASS" signature="reload()[pri:0, instance:com.automation.tests.TaxInvoiceTest@7c29daf3]" name="reload" is-config="true" duration-ms="16" started-at="2021-04-19T18:51:41 IST" finished-at="2021-04-19T18:51:41 IST">
          <reporter-output>
          </reporter-output>
        </test-method> <!-- reload -->
        <test-method status="PASS" signature="verifyCgstAndSgstValue()[pri:10, instance:com.automation.tests.TaxInvoiceTest@7c29daf3]" name="verifyCgstAndSgstValue" duration-ms="3970" started-at="2021-04-19T18:51:41 IST" description="Verify that CGST and SGST/UTGST value should not get calculate when user selects different POS state as of Supplier&#039;s" finished-at="2021-04-19T18:51:45 IST">
          <reporter-output>
          </reporter-output>
        </test-method> <!-- verifyCgstAndSgstValue -->
        <test-method status="PASS" signature="reload()[pri:0, instance:com.automation.tests.TaxInvoiceTest@7c29daf3]" name="reload" is-config="true" duration-ms="35" started-at="2021-04-19T18:51:45 IST" finished-at="2021-04-19T18:51:45 IST">
          <reporter-output>
          </reporter-output>
        </test-method> <!-- reload -->
        <test-method status="PASS" signature="verifyIgstActFunctionality()[pri:11, instance:com.automation.tests.TaxInvoiceTest@7c29daf3]" name="verifyIgstActFunctionality" duration-ms="4200" started-at="2021-04-19T18:51:45 IST" description="Verify that CGST and SGST/UTGST value should not get calculate when user checks IGST Act though POS state and Supplier&#039;s state is same" finished-at="2021-04-19T18:51:49 IST">
          <reporter-output>
          </reporter-output>
        </test-method> <!-- verifyIgstActFunctionality -->
        <test-method status="PASS" signature="reload()[pri:0, instance:com.automation.tests.TaxInvoiceTest@7c29daf3]" name="reload" is-config="true" duration-ms="23" started-at="2021-04-19T18:51:49 IST" finished-at="2021-04-19T18:51:49 IST">
          <reporter-output>
          </reporter-output>
        </test-method> <!-- reload -->
        <test-method status="PASS" signature="verifyRedirectionToTaxInvoicePage()[pri:12, instance:com.automation.tests.TaxInvoiceTest@7c29daf3]" name="verifyRedirectionToTaxInvoicePage" duration-ms="12023" started-at="2021-04-19T18:51:49 IST" description="Verify user is redirecting to Tax Invoice page after creating order" finished-at="2021-04-19T18:52:02 IST">
          <reporter-output>
          </reporter-output>
        </test-method> <!-- verifyRedirectionToTaxInvoicePage -->
        <test-method status="PASS" signature="reload()[pri:0, instance:com.automation.tests.TaxInvoiceTest@7c29daf3]" name="reload" is-config="true" duration-ms="173" started-at="2021-04-19T18:52:02 IST" finished-at="2021-04-19T18:52:02 IST">
          <reporter-output>
          </reporter-output>
        </test-method> <!-- reload -->
        <test-method status="PASS" signature="verifyCreatedInvoice()[pri:13, instance:com.automation.tests.TaxInvoiceTest@7c29daf3]" name="verifyCreatedInvoice" duration-ms="23214" started-at="2021-04-19T18:52:02 IST" description="Verify that created Tax Invoice is showing on Tax Invoice listing page" finished-at="2021-04-19T18:52:25 IST">
          <reporter-output>
          </reporter-output>
        </test-method> <!-- verifyCreatedInvoice -->
        <test-method status="PASS" signature="reload()[pri:0, instance:com.automation.tests.TaxInvoiceTest@7c29daf3]" name="reload" is-config="true" duration-ms="1172" started-at="2021-04-19T18:52:25 IST" finished-at="2021-04-19T18:52:26 IST">
          <reporter-output>
          </reporter-output>
        </test-method> <!-- reload -->
        <test-method status="PASS" signature="verifyInvoiceCreationWithoutShippingAddress()[pri:14, instance:com.automation.tests.TaxInvoiceTest@7c29daf3]" name="verifyInvoiceCreationWithoutShippingAddress" duration-ms="17790" started-at="2021-04-19T18:52:26 IST" description="Verify that user is able to create invoice without entering Shipping Address" finished-at="2021-04-19T18:52:44 IST">
          <reporter-output>
          </reporter-output>
        </test-method> <!-- verifyInvoiceCreationWithoutShippingAddress -->
        <test-method status="PASS" signature="reload()[pri:0, instance:com.automation.tests.TaxInvoiceTest@7c29daf3]" name="reload" is-config="true" duration-ms="1066" started-at="2021-04-19T18:52:44 IST" finished-at="2021-04-19T18:52:45 IST">
          <reporter-output>
          </reporter-output>
        </test-method> <!-- reload -->
        <test-method status="FAIL" signature="verifyMultipleLineItems()[pri:15, instance:com.automation.tests.TaxInvoiceTest@7c29daf3]" name="verifyMultipleLineItems" duration-ms="37861" started-at="2021-04-19T18:52:45 IST" description="User is able to create Tax Invoice with multiple line items" finished-at="2021-04-19T18:53:23 IST">
          <exception class="org.openqa.selenium.NoSuchElementException">
            <message>
              <![CDATA[no such element: Unable to locate element: {"method":"xpath","selector":"//tbody/tr[6]/td[1]/div[1]/div[1]/select[1]"}
  (Session info: chrome=89.0.4389.128)
For documentation on this error, please visit: https://www.seleniumhq.org/exceptions/no_such_element.html
Build info: version: '3.141.59', revision: 'e82be7d358', time: '2018-11-14T08:17:03'
System info: host: 'DESKTOP-THTD9N4', ip: '192.168.8.85', os.name: 'Windows 10', os.arch: 'amd64', os.version: '10.0', java.version: '1.8.0_271'
Driver info: org.openqa.selenium.chrome.ChromeDriver
Capabilities {acceptInsecureCerts: false, browserName: chrome, browserVersion: 89.0.4389.128, chrome: {chromedriverVersion: 89.0.4389.23 (61b08ee2c5002..., userDataDir: C:\Users\SSD\AppData\Local\...}, goog:chromeOptions: {debuggerAddress: localhost:57495}, javascriptEnabled: true, networkConnectionEnabled: false, pageLoadStrategy: normal, platform: WINDOWS, platformName: WINDOWS, proxy: Proxy(), setWindowRect: true, strictFileInteractability: false, timeouts: {implicit: 0, pageLoad: 300000, script: 30000}, unhandledPromptBehavior: dismiss and notify, webauthn:extension:largeBlob: true, webauthn:virtualAuthenticators: true}
Session ID: c00026136d9fdc310b0ab8b5d31221ba
*** Element info: {Using=xpath, value=//tbody/tr[6]/td[1]/div[1]/div[1]/select[1]}]]>
            </message>
            <full-stacktrace>
              <![CDATA[org.openqa.selenium.NoSuchElementException: no such element: Unable to locate element: {"method":"xpath","selector":"//tbody/tr[6]/td[1]/div[1]/div[1]/select[1]"}
  (Session info: chrome=89.0.4389.128)
For documentation on this error, please visit: https://www.seleniumhq.org/exceptions/no_such_element.html
Build info: version: '3.141.59', revision: 'e82be7d358', time: '2018-11-14T08:17:03'
System info: host: 'DESKTOP-THTD9N4', ip: '192.168.8.85', os.name: 'Windows 10', os.arch: 'amd64', os.version: '10.0', java.version: '1.8.0_271'
Driver info: org.openqa.selenium.chrome.ChromeDriver
Capabilities {acceptInsecureCerts: false, browserName: chrome, browserVersion: 89.0.4389.128, chrome: {chromedriverVersion: 89.0.4389.23 (61b08ee2c5002..., userDataDir: C:\Users\SSD\AppData\Local\...}, goog:chromeOptions: {debuggerAddress: localhost:57495}, javascriptEnabled: true, networkConnectionEnabled: false, pageLoadStrategy: normal, platform: WINDOWS, platformName: WINDOWS, proxy: Proxy(), setWindowRect: true, strictFileInteractability: false, timeouts: {implicit: 0, pageLoad: 300000, script: 30000}, unhandledPromptBehavior: dismiss and notify, webauthn:extension:largeBlob: true, webauthn:virtualAuthenticators: true}
Session ID: c00026136d9fdc310b0ab8b5d31221ba
*** Element info: {Using=xpath, value=//tbody/tr[6]/td[1]/div[1]/div[1]/select[1]}
at sun.reflect.NativeConstructorAccessorImpl.newInstance0(Native Method)
at sun.reflect.NativeConstructorAccessorImpl.newInstance(Unknown Source)
at sun.reflect.DelegatingConstructorAccessorImpl.newInstance(Unknown Source)
at java.lang.reflect.Constructor.newInstance(Unknown Source)
at org.openqa.selenium.remote.http.W3CHttpResponseCodec.createException(W3CHttpResponseCodec.java:187)
at org.openqa.selenium.remote.http.W3CHttpResponseCodec.decode(W3CHttpResponseCodec.java:122)
at org.openqa.selenium.remote.http.W3CHttpResponseCodec.decode(W3CHttpResponseCodec.java:49)
at org.openqa.selenium.remote.HttpCommandExecutor.execute(HttpCommandExecutor.java:158)
at org.openqa.selenium.remote.service.DriverCommandExecutor.execute(DriverCommandExecutor.java:83)
at org.openqa.selenium.remote.RemoteWebDriver.execute(RemoteWebDriver.java:552)
at org.openqa.selenium.remote.RemoteWebDriver.findElement(RemoteWebDriver.java:323)
at org.openqa.selenium.remote.RemoteWebDriver.findElementByXPath(RemoteWebDriver.java:428)
at org.openqa.selenium.By$ByXPath.findElement(By.java:353)
at org.openqa.selenium.remote.RemoteWebDriver.findElement(RemoteWebDriver.java:315)
at com.automation.pages.TaxInvoice.enterMultipleLineItems(TaxInvoice.java:317)
at com.automation.tests.TaxInvoiceTest.verifyMultipleLineItems(TaxInvoiceTest.java:191)
at sun.reflect.NativeMethodAccessorImpl.invoke0(Native Method)
at sun.reflect.NativeMethodAccessorImpl.invoke(Unknown Source)
at sun.reflect.DelegatingMethodAccessorImpl.invoke(Unknown Source)
at java.lang.reflect.Method.invoke(Unknown Source)
at org.testng.internal.MethodInvocationHelper.invokeMethod(MethodInvocationHelper.java:132)
at org.testng.internal.TestInvoker.invokeMethod(TestInvoker.java:599)
at org.testng.internal.TestInvoker.invokeTestMethod(TestInvoker.java:174)
at org.testng.internal.MethodRunner.runInSequence(MethodRunner.java:46)
at org.testng.internal.TestInvoker$MethodInvocationAgent.invoke(TestInvoker.java:822)
at org.testng.internal.TestInvoker.invokeTestMethods(TestInvoker.java:147)
at org.testng.internal.TestMethodWorker.invokeTestMethods(TestMethodWorker.java:146)
at org.testng.internal.TestMethodWorker.run(TestMethodWorker.java:128)
at java.util.ArrayList.forEach(Unknown Source)
at org.testng.TestRunner.privateRun(TestRunner.java:764)
at org.testng.TestRunner.run(TestRunner.java:585)
at org.testng.SuiteRunner.runTest(SuiteRunner.java:384)
at org.testng.SuiteRunner.runSequentially(SuiteRunner.java:378)
at org.testng.SuiteRunner.privateRun(SuiteRunner.java:337)
at org.testng.SuiteRunner.run(SuiteRunner.java:286)
at org.testng.SuiteRunnerWorker.runSuite(SuiteRunnerWorker.java:53)
at org.testng.SuiteRunnerWorker.run(SuiteRunnerWorker.java:96)
at org.testng.TestNG.runSuitesSequentially(TestNG.java:1218)
at org.testng.TestNG.runSuitesLocally(TestNG.java:1140)
at org.testng.TestNG.runSuites(TestNG.java:1069)
at org.testng.TestNG.run(TestNG.java:1037)
at org.testng.remote.AbstractRemoteTestNG.run(AbstractRemoteTestNG.java:115)
at org.testng.remote.RemoteTestNG.initAndRun(RemoteTestNG.java:251)
at org.testng.remote.RemoteTestNG.main(RemoteTestNG.java:77)
]]>
            </full-stacktrace>
          </exception> <!-- org.openqa.selenium.NoSuchElementException -->
          <reporter-output>
          </reporter-output>
        </test-method> <!-- verifyMultipleLineItems -->
        <test-method status="PASS" signature="reload()[pri:0, instance:com.automation.tests.TaxInvoiceTest@7c29daf3]" name="reload" is-config="true" duration-ms="35" started-at="2021-04-19T18:53:23 IST" finished-at="2021-04-19T18:53:23 IST">
          <reporter-output>
          </reporter-output>
        </test-method> <!-- reload -->
        <test-method status="PASS" signature="deleteMultipleLineItems()[pri:16, instance:com.automation.tests.TaxInvoiceTest@7c29daf3]" name="deleteMultipleLineItems" duration-ms="20128" started-at="2021-04-19T18:53:23 IST" description="User is able to delete multiple line items" finished-at="2021-04-19T18:53:43 IST">
          <reporter-output>
          </reporter-output>
        </test-method> <!-- deleteMultipleLineItems -->
        <test-method status="PASS" signature="reload()[pri:0, instance:com.automation.tests.TaxInvoiceTest@7c29daf3]" name="reload" is-config="true" duration-ms="27" started-at="2021-04-19T18:53:43 IST" finished-at="2021-04-19T18:53:43 IST">
          <reporter-output>
          </reporter-output>
        </test-method> <!-- reload -->
        <test-method status="PASS" signature="gstinFieldDisplayCheck1()[pri:18, instance:com.automation.tests.TaxInvoiceTest@7c29daf3]" name="gstinFieldDisplayCheck1" duration-ms="2390" started-at="2021-04-19T18:53:43 IST" description="Verify that GSTIN field should show when user selects Deemed Export as Export Type" finished-at="2021-04-19T18:53:45 IST">
          <reporter-output>
          </reporter-output>
        </test-method> <!-- gstinFieldDisplayCheck1 -->
        <test-method status="PASS" signature="reload()[pri:0, instance:com.automation.tests.TaxInvoiceTest@7c29daf3]" name="reload" is-config="true" duration-ms="238" started-at="2021-04-19T18:53:45 IST" finished-at="2021-04-19T18:53:46 IST">
          <reporter-output>
          </reporter-output>
        </test-method> <!-- reload -->
        <test-method status="PASS" signature="gstinFieldDisplayCheck2()[pri:19, instance:com.automation.tests.TaxInvoiceTest@7c29daf3]" name="gstinFieldDisplayCheck2" duration-ms="2766" started-at="2021-04-19T18:53:46 IST" description="Verify that GSTIN field should show when user selects SEZ Exports with payment as Export Type" finished-at="2021-04-19T18:53:48 IST">
          <reporter-output>
          </reporter-output>
        </test-method> <!-- gstinFieldDisplayCheck2 -->
        <test-method status="PASS" signature="reload()[pri:0, instance:com.automation.tests.TaxInvoiceTest@7c29daf3]" name="reload" is-config="true" duration-ms="33" started-at="2021-04-19T18:53:48 IST" finished-at="2021-04-19T18:53:48 IST">
          <reporter-output>
          </reporter-output>
        </test-method> <!-- reload -->
        <test-method status="PASS" signature="gstinFieldDisplayCheck3()[pri:20, instance:com.automation.tests.TaxInvoiceTest@7c29daf3]" name="gstinFieldDisplayCheck3" duration-ms="3618" started-at="2021-04-19T18:53:48 IST" description="Verify that GSTIN field should show when user selects  SEZ exports without payment as Export Type" finished-at="2021-04-19T18:53:52 IST">
          <reporter-output>
          </reporter-output>
        </test-method> <!-- gstinFieldDisplayCheck3 -->
        <test-method status="PASS" signature="reload()[pri:0, instance:com.automation.tests.TaxInvoiceTest@7c29daf3]" name="reload" is-config="true" duration-ms="2263" started-at="2021-04-19T18:53:52 IST" finished-at="2021-04-19T18:53:54 IST">
          <reporter-output>
          </reporter-output>
        </test-method> <!-- reload -->
        <test-method status="PASS" signature="gstinFieldDisplayCheck4()[pri:21, instance:com.automation.tests.TaxInvoiceTest@7c29daf3]" name="gstinFieldDisplayCheck4" duration-ms="1451" started-at="2021-04-19T18:53:54 IST" description="Verify that GSTIN field should not show when user selects  Export Invoice with payment of Tax as Export Type" finished-at="2021-04-19T18:53:56 IST">
          <reporter-output>
          </reporter-output>
        </test-method> <!-- gstinFieldDisplayCheck4 -->
        <test-method status="PASS" signature="reload()[pri:0, instance:com.automation.tests.TaxInvoiceTest@7c29daf3]" name="reload" is-config="true" duration-ms="38" started-at="2021-04-19T18:53:56 IST" finished-at="2021-04-19T18:53:56 IST">
          <reporter-output>
          </reporter-output>
        </test-method> <!-- reload -->
        <test-method status="PASS" signature="gstinFieldDisplayCheck5()[pri:22, instance:com.automation.tests.TaxInvoiceTest@7c29daf3]" name="gstinFieldDisplayCheck5" duration-ms="3139" started-at="2021-04-19T18:53:56 IST" description="Verify that GSTIN field should not show when user selects  Export under Bond or LUT as Export Type" finished-at="2021-04-19T18:53:59 IST">
          <reporter-output>
          </reporter-output>
        </test-method> <!-- gstinFieldDisplayCheck5 -->
        <test-method status="PASS" signature="reload()[pri:0, instance:com.automation.tests.TaxInvoiceTest@7c29daf3]" name="reload" is-config="true" duration-ms="25" started-at="2021-04-19T18:53:59 IST" finished-at="2021-04-19T18:53:59 IST">
          <reporter-output>
          </reporter-output>
        </test-method> <!-- reload -->
        <test-method status="PASS" signature="posFieldDisplayCheck1()[pri:23, instance:com.automation.tests.TaxInvoiceTest@7c29daf3]" name="posFieldDisplayCheck1" duration-ms="2960" started-at="2021-04-19T18:53:59 IST" description="Verify that Place Of Supply Field should show when user selects Deemed Export as Export Type" finished-at="2021-04-19T18:54:02 IST">
          <reporter-output>
          </reporter-output>
        </test-method> <!-- posFieldDisplayCheck1 -->
        <test-method status="PASS" signature="reload()[pri:0, instance:com.automation.tests.TaxInvoiceTest@7c29daf3]" name="reload" is-config="true" duration-ms="27" started-at="2021-04-19T18:54:02 IST" finished-at="2021-04-19T18:54:02 IST">
          <reporter-output>
          </reporter-output>
        </test-method> <!-- reload -->
        <test-method status="PASS" signature="posFieldDisplayCheck2()[pri:24, instance:com.automation.tests.TaxInvoiceTest@7c29daf3]" name="posFieldDisplayCheck2" duration-ms="2975" started-at="2021-04-19T18:54:02 IST" description="Verify that Place Of Supply Field should show when user selects SEZ Exports with payment as Export Type" finished-at="2021-04-19T18:54:05 IST">
          <reporter-output>
          </reporter-output>
        </test-method> <!-- posFieldDisplayCheck2 -->
        <test-method status="PASS" signature="reload()[pri:0, instance:com.automation.tests.TaxInvoiceTest@7c29daf3]" name="reload" is-config="true" duration-ms="12" started-at="2021-04-19T18:54:05 IST" finished-at="2021-04-19T18:54:05 IST">
          <reporter-output>
          </reporter-output>
        </test-method> <!-- reload -->
        <test-method status="PASS" signature="posFieldDisplayCheck3()[pri:25, instance:com.automation.tests.TaxInvoiceTest@7c29daf3]" name="posFieldDisplayCheck3" duration-ms="3333" started-at="2021-04-19T18:54:05 IST" description="Verify that Place Of Supply Field should show when user selects SEZ exports without payment as Export Type" finished-at="2021-04-19T18:54:08 IST">
          <reporter-output>
          </reporter-output>
        </test-method> <!-- posFieldDisplayCheck3 -->
        <test-method status="PASS" signature="reload()[pri:0, instance:com.automation.tests.TaxInvoiceTest@7c29daf3]" name="reload" is-config="true" duration-ms="19" started-at="2021-04-19T18:54:08 IST" finished-at="2021-04-19T18:54:08 IST">
          <reporter-output>
          </reporter-output>
        </test-method> <!-- reload -->
        <test-method status="PASS" signature="posFieldDisplayCheck4()[pri:26, instance:com.automation.tests.TaxInvoiceTest@7c29daf3]" name="posFieldDisplayCheck4" duration-ms="2984" started-at="2021-04-19T18:54:08 IST" description="Verify that Place Of Supply Field should not show  when user selects Export Invoice with payment of Tax as Export Type" finished-at="2021-04-19T18:54:11 IST">
          <reporter-output>
          </reporter-output>
        </test-method> <!-- posFieldDisplayCheck4 -->
        <test-method status="PASS" signature="reload()[pri:0, instance:com.automation.tests.TaxInvoiceTest@7c29daf3]" name="reload" is-config="true" duration-ms="29" started-at="2021-04-19T18:54:11 IST" finished-at="2021-04-19T18:54:11 IST">
          <reporter-output>
          </reporter-output>
        </test-method> <!-- reload -->
        <test-method status="PASS" signature="posFieldDisplayCheck5()[pri:27, instance:com.automation.tests.TaxInvoiceTest@7c29daf3]" name="posFieldDisplayCheck5" duration-ms="3106" started-at="2021-04-19T18:54:11 IST" description="Verify that Place Of Supply Field should not show  when user selects Export under Bond or LUT as Export Type" finished-at="2021-04-19T18:54:14 IST">
          <reporter-output>
          </reporter-output>
        </test-method> <!-- posFieldDisplayCheck5 -->
        <test-method status="PASS" signature="reload()[pri:0, instance:com.automation.tests.TaxInvoiceTest@7c29daf3]" name="reload" is-config="true" duration-ms="152" started-at="2021-04-19T18:54:14 IST" finished-at="2021-04-19T18:54:15 IST">
          <reporter-output>
          </reporter-output>
        </test-method> <!-- reload -->
        <test-method status="PASS" signature="suppClaimDisplayCheck1()[pri:28, instance:com.automation.tests.TaxInvoiceTest@7c29daf3]" name="suppClaimDisplayCheck1" duration-ms="3437" started-at="2021-04-19T18:54:15 IST" description="Verify that &#039;Is Supplier Claiming Refund checkbox&#039; should show  when user selects Deemed Exports as Export Type" finished-at="2021-04-19T18:54:18 IST">
          <reporter-output>
          </reporter-output>
        </test-method> <!-- suppClaimDisplayCheck1 -->
        <test-method status="PASS" signature="reload()[pri:0, instance:com.automation.tests.TaxInvoiceTest@7c29daf3]" name="reload" is-config="true" duration-ms="17" started-at="2021-04-19T18:54:18 IST" finished-at="2021-04-19T18:54:18 IST">
          <reporter-output>
          </reporter-output>
        </test-method> <!-- reload -->
        <test-method status="PASS" signature="suppClaimDisplayCheck2()[pri:29, instance:com.automation.tests.TaxInvoiceTest@7c29daf3]" name="suppClaimDisplayCheck2" duration-ms="3251" started-at="2021-04-19T18:54:18 IST" description="Verify that &#039;Is Supplier Claiming Refund checkbox&#039; should show  when user selects SEZ Exports with payment as Export Type" finished-at="2021-04-19T18:54:21 IST">
          <reporter-output>
          </reporter-output>
        </test-method> <!-- suppClaimDisplayCheck2 -->
        <test-method status="PASS" signature="reload()[pri:0, instance:com.automation.tests.TaxInvoiceTest@7c29daf3]" name="reload" is-config="true" duration-ms="23" started-at="2021-04-19T18:54:21 IST" finished-at="2021-04-19T18:54:21 IST">
          <reporter-output>
          </reporter-output>
        </test-method> <!-- reload -->
        <test-method status="PASS" signature="suppClaimDisplayCheck3()[pri:30, instance:com.automation.tests.TaxInvoiceTest@7c29daf3]" name="suppClaimDisplayCheck3" duration-ms="4224" started-at="2021-04-19T18:54:21 IST" description="Verify that &#039;Is Supplier Claiming Refund checkbox&#039; should not show  when user selects SEZ exports without payment as Export Type" finished-at="2021-04-19T18:54:26 IST">
          <reporter-output>
          </reporter-output>
        </test-method> <!-- suppClaimDisplayCheck3 -->
        <test-method status="PASS" signature="reload()[pri:0, instance:com.automation.tests.TaxInvoiceTest@7c29daf3]" name="reload" is-config="true" duration-ms="25" started-at="2021-04-19T18:54:26 IST" finished-at="2021-04-19T18:54:26 IST">
          <reporter-output>
          </reporter-output>
        </test-method> <!-- reload -->
        <test-method status="PASS" signature="suppClaimDisplayCheck4()[pri:31, instance:com.automation.tests.TaxInvoiceTest@7c29daf3]" name="suppClaimDisplayCheck4" duration-ms="2890" started-at="2021-04-19T18:54:26 IST" description="Verify that &#039;Is Supplier Claiming Refund checkbox&#039; should not show  when user selects Export Invoice with payment of Tax as Export Type" finished-at="2021-04-19T18:54:28 IST">
          <reporter-output>
          </reporter-output>
        </test-method> <!-- suppClaimDisplayCheck4 -->
        <test-method status="PASS" signature="reload()[pri:0, instance:com.automation.tests.TaxInvoiceTest@7c29daf3]" name="reload" is-config="true" duration-ms="164" started-at="2021-04-19T18:54:28 IST" finished-at="2021-04-19T18:54:29 IST">
          <reporter-output>
          </reporter-output>
        </test-method> <!-- reload -->
        <test-method status="PASS" signature="suppClaimDisplayCheck5()[pri:32, instance:com.automation.tests.TaxInvoiceTest@7c29daf3]" name="suppClaimDisplayCheck5" duration-ms="3163" started-at="2021-04-19T18:54:29 IST" description="Verify that &#039;Is Supplier Claiming Refund checkbox&#039; should not show  when user selects Export under Bond or LUT as Export Type" finished-at="2021-04-19T18:54:32 IST">
          <reporter-output>
          </reporter-output>
        </test-method> <!-- suppClaimDisplayCheck5 -->
        <test-method status="PASS" signature="reload()[pri:0, instance:com.automation.tests.TaxInvoiceTest@7c29daf3]" name="reload" is-config="true" duration-ms="26" started-at="2021-04-19T18:54:32 IST" finished-at="2021-04-19T18:54:32 IST">
          <reporter-output>
          </reporter-output>
        </test-method> <!-- reload -->
        <test-method status="PASS" signature="igstActDisplayCheck1()[pri:33, instance:com.automation.tests.TaxInvoiceTest@7c29daf3]" name="igstActDisplayCheck1" duration-ms="3059" started-at="2021-04-19T18:54:32 IST" description="Verify that &#039;Is supply covered under section 7 of IGST Act checkbox&#039; should show  when user selects Deemed Exports as Export Type" finished-at="2021-04-19T18:54:35 IST">
          <reporter-output>
          </reporter-output>
        </test-method> <!-- igstActDisplayCheck1 -->
        <test-method status="PASS" signature="reload()[pri:0, instance:com.automation.tests.TaxInvoiceTest@7c29daf3]" name="reload" is-config="true" duration-ms="1989" started-at="2021-04-19T18:54:35 IST" finished-at="2021-04-19T18:54:37 IST">
          <reporter-output>
          </reporter-output>
        </test-method> <!-- reload -->
        <test-method status="PASS" signature="igstActDisplayCheck2()[pri:34, instance:com.automation.tests.TaxInvoiceTest@7c29daf3]" name="igstActDisplayCheck2" duration-ms="1300" started-at="2021-04-19T18:54:37 IST" description="Verify that &#039;Is supply covered under section 7 of IGST Act checkbox&#039; should show  when user selects SEZ Exports with payment as Export Type" finished-at="2021-04-19T18:54:38 IST">
          <reporter-output>
          </reporter-output>
        </test-method> <!-- igstActDisplayCheck2 -->
        <test-method status="PASS" signature="reload()[pri:0, instance:com.automation.tests.TaxInvoiceTest@7c29daf3]" name="reload" is-config="true" duration-ms="20" started-at="2021-04-19T18:54:38 IST" finished-at="2021-04-19T18:54:38 IST">
          <reporter-output>
          </reporter-output>
        </test-method> <!-- reload -->
        <test-method status="PASS" signature="igstActDisplayCheck3()[pri:35, instance:com.automation.tests.TaxInvoiceTest@7c29daf3]" name="igstActDisplayCheck3" duration-ms="3227" started-at="2021-04-19T18:54:38 IST" description="Verify that &#039;Is supply covered under section 7 of IGST Act checkbox&#039; should show  when user selects SEZ exports without payment as Export Type" finished-at="2021-04-19T18:54:41 IST">
          <reporter-output>
          </reporter-output>
        </test-method> <!-- igstActDisplayCheck3 -->
        <test-method status="PASS" signature="reload()[pri:0, instance:com.automation.tests.TaxInvoiceTest@7c29daf3]" name="reload" is-config="true" duration-ms="29" started-at="2021-04-19T18:54:41 IST" finished-at="2021-04-19T18:54:41 IST">
          <reporter-output>
          </reporter-output>
        </test-method> <!-- reload -->
        <test-method status="PASS" signature="igstActDisplayCheck4()[pri:36, instance:com.automation.tests.TaxInvoiceTest@7c29daf3]" name="igstActDisplayCheck4" duration-ms="3161" started-at="2021-04-19T18:54:41 IST" description="Verify that &#039;Is supply covered under section 7 of IGST Act checkbox&#039; should not show  when user selects Export Invoice with payment of Tax as Export Type" finished-at="2021-04-19T18:54:45 IST">
          <reporter-output>
          </reporter-output>
        </test-method> <!-- igstActDisplayCheck4 -->
        <test-method status="PASS" signature="reload()[pri:0, instance:com.automation.tests.TaxInvoiceTest@7c29daf3]" name="reload" is-config="true" duration-ms="189" started-at="2021-04-19T18:54:45 IST" finished-at="2021-04-19T18:54:45 IST">
          <reporter-output>
          </reporter-output>
        </test-method> <!-- reload -->
        <test-method status="PASS" signature="igstActDisplayCheck5()[pri:37, instance:com.automation.tests.TaxInvoiceTest@7c29daf3]" name="igstActDisplayCheck5" duration-ms="3002" started-at="2021-04-19T18:54:45 IST" description="Verify that &#039;Is supply covered under section 7 of IGST Act checkbox&#039; should not show  when user selects Export under Bond or LUT as Export Type" finished-at="2021-04-19T18:54:48 IST">
          <reporter-output>
          </reporter-output>
        </test-method> <!-- igstActDisplayCheck5 -->
        <test-method status="PASS" signature="reload()[pri:0, instance:com.automation.tests.TaxInvoiceTest@7c29daf3]" name="reload" is-config="true" duration-ms="173" started-at="2021-04-19T18:54:48 IST" finished-at="2021-04-19T18:54:48 IST">
          <reporter-output>
          </reporter-output>
        </test-method> <!-- reload -->
        <test-method status="PASS" signature="differentialPercentagDisplayCheck1()[pri:38, instance:com.automation.tests.TaxInvoiceTest@7c29daf3]" name="differentialPercentagDisplayCheck1" duration-ms="3174" started-at="2021-04-19T18:54:48 IST" description="Verify that Differential Percentage dropdown should show  when user selects Deemed Exports as Export Type" finished-at="2021-04-19T18:54:51 IST">
          <reporter-output>
          </reporter-output>
        </test-method> <!-- differentialPercentagDisplayCheck1 -->
        <test-method status="PASS" signature="reload()[pri:0, instance:com.automation.tests.TaxInvoiceTest@7c29daf3]" name="reload" is-config="true" duration-ms="26" started-at="2021-04-19T18:54:51 IST" finished-at="2021-04-19T18:54:51 IST">
          <reporter-output>
          </reporter-output>
        </test-method> <!-- reload -->
        <test-method status="PASS" signature="differentialPercentagDisplayCheck2()[pri:39, instance:com.automation.tests.TaxInvoiceTest@7c29daf3]" name="differentialPercentagDisplayCheck2" duration-ms="3385" started-at="2021-04-19T18:54:51 IST" description="Verify that Differential Percentage dropdown should show  when user selects SEZ Exports with payment as Export Type" finished-at="2021-04-19T18:54:55 IST">
          <reporter-output>
          </reporter-output>
        </test-method> <!-- differentialPercentagDisplayCheck2 -->
        <test-method status="PASS" signature="reload()[pri:0, instance:com.automation.tests.TaxInvoiceTest@7c29daf3]" name="reload" is-config="true" duration-ms="18" started-at="2021-04-19T18:54:55 IST" finished-at="2021-04-19T18:54:55 IST">
          <reporter-output>
          </reporter-output>
        </test-method> <!-- reload -->
        <test-method status="PASS" signature="differentialPercentagDisplayCheck3()[pri:40, instance:com.automation.tests.TaxInvoiceTest@7c29daf3]" name="differentialPercentagDisplayCheck3" duration-ms="3311" started-at="2021-04-19T18:54:55 IST" description="Verify that Differential Percentage dropdown should show  when user selects SEZ exports without payment as Export Type" finished-at="2021-04-19T18:54:58 IST">
          <reporter-output>
          </reporter-output>
        </test-method> <!-- differentialPercentagDisplayCheck3 -->
        <test-method status="PASS" signature="reload()[pri:0, instance:com.automation.tests.TaxInvoiceTest@7c29daf3]" name="reload" is-config="true" duration-ms="24" started-at="2021-04-19T18:54:58 IST" finished-at="2021-04-19T18:54:58 IST">
          <reporter-output>
          </reporter-output>
        </test-method> <!-- reload -->
        <test-method status="PASS" signature="differentialPercentagDisplayCheck4()[pri:41, instance:com.automation.tests.TaxInvoiceTest@7c29daf3]" name="differentialPercentagDisplayCheck4" duration-ms="3395" started-at="2021-04-19T18:54:58 IST" description="Verify that Differential Percentage dropdown should not show  when user selects Export Invoice with payment of Tax as Export Type" finished-at="2021-04-19T18:55:01 IST">
          <reporter-output>
          </reporter-output>
        </test-method> <!-- differentialPercentagDisplayCheck4 -->
        <test-method status="PASS" signature="reload()[pri:0, instance:com.automation.tests.TaxInvoiceTest@7c29daf3]" name="reload" is-config="true" duration-ms="25" started-at="2021-04-19T18:55:01 IST" finished-at="2021-04-19T18:55:01 IST">
          <reporter-output>
          </reporter-output>
        </test-method> <!-- reload -->
        <test-method status="PASS" signature="differentialPercentagDisplayCheck5()[pri:42, instance:com.automation.tests.TaxInvoiceTest@7c29daf3]" name="differentialPercentagDisplayCheck5" duration-ms="3247" started-at="2021-04-19T18:55:01 IST" description="Verify that Differential Percentage dropdown should not show  when user selects Export under Bond or LUT as Export Type" finished-at="2021-04-19T18:55:05 IST">
          <reporter-output>
          </reporter-output>
        </test-method> <!-- differentialPercentagDisplayCheck5 -->
        <test-method status="PASS" signature="reload()[pri:0, instance:com.automation.tests.TaxInvoiceTest@7c29daf3]" name="reload" is-config="true" duration-ms="16" started-at="2021-04-19T18:55:05 IST" finished-at="2021-04-19T18:55:05 IST">
          <reporter-output>
          </reporter-output>
        </test-method> <!-- reload -->
        <test-method status="PASS" signature="taxCalcualtionSezwop()[pri:43, instance:com.automation.tests.TaxInvoiceTest@7c29daf3]" name="taxCalcualtionSezwop" duration-ms="4354" started-at="2021-04-19T18:55:05 IST" description="Verify that Total Tax should not get calculate in case of SEZ exports without payment" finished-at="2021-04-19T18:55:09 IST">
          <reporter-output>
          </reporter-output>
        </test-method> <!-- taxCalcualtionSezwop -->
        <test-method status="PASS" signature="reload()[pri:0, instance:com.automation.tests.TaxInvoiceTest@7c29daf3]" name="reload" is-config="true" duration-ms="20" started-at="2021-04-19T18:55:09 IST" finished-at="2021-04-19T18:55:09 IST">
          <reporter-output>
          </reporter-output>
        </test-method> <!-- reload -->
        <test-method status="PASS" signature="taxCalcualtionExwop()[pri:44, instance:com.automation.tests.TaxInvoiceTest@7c29daf3]" name="taxCalcualtionExwop" duration-ms="4510" started-at="2021-04-19T18:55:09 IST" description="Verify that Total Tax should not get calculate in case of Export under Bond or LUT" finished-at="2021-04-19T18:55:13 IST">
          <reporter-output>
          </reporter-output>
        </test-method> <!-- taxCalcualtionExwop -->
        <test-method status="PASS" signature="reload()[pri:0, instance:com.automation.tests.TaxInvoiceTest@7c29daf3]" name="reload" is-config="true" duration-ms="26" started-at="2021-04-19T18:55:14 IST" finished-at="2021-04-19T18:55:14 IST">
          <reporter-output>
          </reporter-output>
        </test-method> <!-- reload -->
        <test-method status="PASS" signature="taxCalcualtionDe()[pri:45, instance:com.automation.tests.TaxInvoiceTest@7c29daf3]" name="taxCalcualtionDe" duration-ms="4757" started-at="2021-04-19T18:55:14 IST" description="Verify that Total Tax should get calculate in case of Deemed Exports" finished-at="2021-04-19T18:55:18 IST">
          <reporter-output>
          </reporter-output>
        </test-method> <!-- taxCalcualtionDe -->
        <test-method status="PASS" signature="reload()[pri:0, instance:com.automation.tests.TaxInvoiceTest@7c29daf3]" name="reload" is-config="true" duration-ms="23" started-at="2021-04-19T18:55:18 IST" finished-at="2021-04-19T18:55:18 IST">
          <reporter-output>
          </reporter-output>
        </test-method> <!-- reload -->
        <test-method status="PASS" signature="taxCalcualtionSezwp()[pri:46, instance:com.automation.tests.TaxInvoiceTest@7c29daf3]" name="taxCalcualtionSezwp" duration-ms="4552" started-at="2021-04-19T18:55:18 IST" description="Verify that Total Tax should get calculate in case of SEZ Exports with payment" finished-at="2021-04-19T18:55:23 IST">
          <reporter-output>
          </reporter-output>
        </test-method> <!-- taxCalcualtionSezwp -->
        <test-method status="PASS" signature="reload()[pri:0, instance:com.automation.tests.TaxInvoiceTest@7c29daf3]" name="reload" is-config="true" duration-ms="31" started-at="2021-04-19T18:55:23 IST" finished-at="2021-04-19T18:55:23 IST">
          <reporter-output>
          </reporter-output>
        </test-method> <!-- reload -->
        <test-method status="PASS" signature="taxCalcualtionExwp()[pri:47, instance:com.automation.tests.TaxInvoiceTest@7c29daf3]" name="taxCalcualtionExwp" duration-ms="4365" started-at="2021-04-19T18:55:23 IST" description="Verify that Total Tax should get calculate in case of Export Invoice with payment of Tax" finished-at="2021-04-19T18:55:27 IST">
          <reporter-output>
          </reporter-output>
        </test-method> <!-- taxCalcualtionExwp -->
        <test-method status="PASS" signature="reload()[pri:0, instance:com.automation.tests.TaxInvoiceTest@7c29daf3]" name="reload" is-config="true" duration-ms="22" started-at="2021-04-19T18:55:27 IST" finished-at="2021-04-19T18:55:27 IST">
          <reporter-output>
          </reporter-output>
        </test-method> <!-- reload -->
        <test-method status="PASS" signature="checkExportTypevalidationMsg()[pri:48, instance:com.automation.tests.TaxInvoiceTest@7c29daf3]" name="checkExportTypevalidationMsg" duration-ms="3255" started-at="2021-04-19T18:55:27 IST" description="Verify that validation message is showing for Export Type Field when not selected by user" finished-at="2021-04-19T18:55:31 IST">
          <reporter-output>
          </reporter-output>
        </test-method> <!-- checkExportTypevalidationMsg -->
        <test-method status="PASS" signature="reload()[pri:0, instance:com.automation.tests.TaxInvoiceTest@7c29daf3]" name="reload" is-config="true" duration-ms="17" started-at="2021-04-19T18:55:31 IST" finished-at="2021-04-19T18:55:31 IST">
          <reporter-output>
          </reporter-output>
        </test-method> <!-- reload -->
        <test-method status="PASS" signature="checkShipBillNoValidationMsg()[pri:49, instance:com.automation.tests.TaxInvoiceTest@7c29daf3]" name="checkShipBillNoValidationMsg" duration-ms="5729" started-at="2021-04-19T18:55:31 IST" description="Verify that validation message is showing for &#039;Shipping Bill No./Bill of Export No&#039; when only &#039;Shipping Bill/Bill of Export Date&#039; is selected" finished-at="2021-04-19T18:55:36 IST">
          <reporter-output>
          </reporter-output>
        </test-method> <!-- checkShipBillNoValidationMsg -->
        <test-method status="PASS" signature="reload()[pri:0, instance:com.automation.tests.TaxInvoiceTest@7c29daf3]" name="reload" is-config="true" duration-ms="16" started-at="2021-04-19T18:55:36 IST" finished-at="2021-04-19T18:55:36 IST">
          <reporter-output>
          </reporter-output>
        </test-method> <!-- reload -->
        <test-method status="PASS" signature="checkShipBillExDateValidationMsg()[pri:50, instance:com.automation.tests.TaxInvoiceTest@7c29daf3]" name="checkShipBillExDateValidationMsg" duration-ms="6190" started-at="2021-04-19T18:55:36 IST" description="Verify that validation message is showing for &#039;Shipping Bill/Bill of Export Date&#039; when only &#039;Shipping Bill No./Bill of Export No&#039; is Entered" finished-at="2021-04-19T18:55:42 IST">
          <reporter-output>
          </reporter-output>
        </test-method> <!-- checkShipBillExDateValidationMsg -->
        <test-method status="PASS" signature="reload()[pri:0, instance:com.automation.tests.TaxInvoiceTest@7c29daf3]" name="reload" is-config="true" duration-ms="1227" started-at="2021-04-19T18:55:42 IST" finished-at="2021-04-19T18:55:44 IST">
          <reporter-output>
          </reporter-output>
        </test-method> <!-- reload -->
        <test-method status="PASS" signature="checkCurrencyValidationMsg()[pri:51, instance:com.automation.tests.TaxInvoiceTest@7c29daf3]" name="checkCurrencyValidationMsg" duration-ms="2076" started-at="2021-04-19T18:55:44 IST" description="Verify that currency field should get mandatory and validation message should also show when user switch to regular invoice type from export and again switch to Export Invoice type" finished-at="2021-04-19T18:55:46 IST">
          <reporter-output>
          </reporter-output>
        </test-method> <!-- checkCurrencyValidationMsg -->
        <test-method status="PASS" signature="tearDown()[pri:0, instance:com.automation.tests.TaxInvoiceTest@7c29daf3]" name="tearDown" is-config="true" duration-ms="1" started-at="2021-04-19T18:55:46 IST" finished-at="2021-04-19T18:55:46 IST">
          <reporter-output>
          </reporter-output>
        </test-method> <!-- tearDown -->
        <test-method status="PASS" signature="closeBrowser()[pri:0, instance:com.automation.tests.TaxInvoiceTest@7c29daf3]" name="closeBrowser" is-config="true" duration-ms="5895" started-at="2021-04-19T18:55:46 IST" finished-at="2021-04-19T18:55:52 IST">
          <reporter-output>
          </reporter-output>
        </test-method> <!-- closeBrowser -->
      </class> <!-- com.automation.tests.TaxInvoiceTest -->
    </test> <!-- Default test -->
  </suite> <!-- Default suite -->
</testng-results>
