<?xml version="1.0" encoding="UTF-8"?>
<testng-results skipped="0" failed="0" ignored="0" total="3" passed="3">
  <reporter-output>
  </reporter-output>
  <suite name="Default suite" duration-ms="18148" started-at="2021-04-16T02:25:03 IST" finished-at="2021-04-16T02:25:21 IST">
    <groups>
    </groups>
    <test name="Default test" duration-ms="18148" started-at="2021-04-16T02:25:03 IST" finished-at="2021-04-16T02:25:21 IST">
      <class name="com.automation.tests.TaxInvoiceTest">
        <test-method status="PASS" signature="before()[pri:0, instance:com.automation.tests.TaxInvoiceTest@7494e528]" name="before" is-config="true" duration-ms="20905" started-at="2021-04-16T02:24:42 IST" finished-at="2021-04-16T02:25:03 IST">
          <reporter-output>
          </reporter-output>
        </test-method> <!-- before -->
        <test-method status="PASS" signature="setup()[pri:0, instance:com.automation.tests.TaxInvoiceTest@7494e528]" name="setup" is-config="true" duration-ms="84" started-at="2021-04-16T02:25:03 IST" finished-at="2021-04-16T02:25:03 IST">
          <reporter-output>
          </reporter-output>
        </test-method> <!-- setup -->
        <test-method status="PASS" signature="reload()[pri:0, instance:com.automation.tests.TaxInvoiceTest@7494e528]" name="reload" is-config="true" duration-ms="49" started-at="2021-04-16T02:25:03 IST" finished-at="2021-04-16T02:25:03 IST">
          <reporter-output>
          </reporter-output>
        </test-method> <!-- reload -->
        <test-method status="PASS" signature="navigateToTaxInvoicePage()[pri:1, instance:com.automation.tests.TaxInvoiceTest@7494e528]" name="navigateToTaxInvoicePage" duration-ms="6792" started-at="2021-04-16T02:25:03 IST" description="Verify User is able to redirect to Tax Invoice page." finished-at="2021-04-16T02:25:10 IST">
          <reporter-output>
          </reporter-output>
        </test-method> <!-- navigateToTaxInvoicePage -->
        <test-method status="PASS" signature="reload()[pri:0, instance:com.automation.tests.TaxInvoiceTest@7494e528]" name="reload" is-config="true" duration-ms="35" started-at="2021-04-16T02:25:10 IST" finished-at="2021-04-16T02:25:10 IST">
          <reporter-output>
          </reporter-output>
        </test-method> <!-- reload -->
        <test-method status="PASS" signature="navigateToAddTaxInvoicePage()[pri:2, instance:com.automation.tests.TaxInvoiceTest@7494e528]" name="navigateToAddTaxInvoicePage" duration-ms="8372" started-at="2021-04-16T02:25:10 IST" description="Verify User is able to redirect to Add tax Invoice Page" finished-at="2021-04-16T02:25:19 IST">
          <reporter-output>
          </reporter-output>
        </test-method> <!-- navigateToAddTaxInvoicePage -->
        <test-method status="PASS" signature="reload()[pri:0, instance:com.automation.tests.TaxInvoiceTest@7494e528]" name="reload" is-config="true" duration-ms="1255" started-at="2021-04-16T02:25:19 IST" finished-at="2021-04-16T02:25:20 IST">
          <reporter-output>
          </reporter-output>
        </test-method> <!-- reload -->
        <test-method status="PASS" signature="checkCurrencyValidationMsg()[pri:51, instance:com.automation.tests.TaxInvoiceTest@7494e528]" name="checkCurrencyValidationMsg" duration-ms="1472" started-at="2021-04-16T02:25:20 IST" description="Verify that currency field should get mandatory and validation message should also show when user switch to regular invoice type from export and again switch to Export Invoice type" finished-at="2021-04-16T02:25:21 IST">
          <reporter-output>
          </reporter-output>
        </test-method> <!-- checkCurrencyValidationMsg -->
        <test-method status="PASS" signature="tearDown()[pri:0, instance:com.automation.tests.TaxInvoiceTest@7494e528]" name="tearDown" is-config="true" duration-ms="1" started-at="2021-04-16T02:25:21 IST" finished-at="2021-04-16T02:25:21 IST">
          <reporter-output>
          </reporter-output>
        </test-method> <!-- tearDown -->
        <test-method status="PASS" signature="closeBrowser()[pri:0, instance:com.automation.tests.TaxInvoiceTest@7494e528]" name="closeBrowser" is-config="true" duration-ms="5957" started-at="2021-04-16T02:25:21 IST" finished-at="2021-04-16T02:25:27 IST">
          <reporter-output>
          </reporter-output>
        </test-method> <!-- closeBrowser -->
      </class> <!-- com.automation.tests.TaxInvoiceTest -->
    </test> <!-- Default test -->
  </suite> <!-- Default suite -->
</testng-results>
