<?xml version="1.0" encoding="UTF-8"?>
<!-- Generated by org.testng.reporters.JUnitXMLReporter -->
<testsuite hostname="DESKTOP-THTD9N4" ignored="0" name="Test" tests="50" failures="0" timestamp="2021-04-21T13:29:08 IST" time="0.962" errors="0">
  <testcase name="@BeforeSuite before" time="13.534" classname="com.automation.Base.BaseTest">
    <failure type="org.openqa.selenium.WebDriverException" message="unknown error: cannot determine loading status
from disconnected: received Inspector.detached event
  (Session info: chrome=89.0.4389.128)
Build info: version: &amp;apos;3.141.59&amp;apos;, revision: &amp;apos;e82be7d358&amp;apos;, time: &amp;apos;2018-11-14T08:17:03&amp;apos;
System info: host: &amp;apos;DESKTOP-THTD9N4&amp;apos;, ip: &amp;apos;192.168.1.11&amp;apos;, os.name: &amp;apos;Windows 10&amp;apos;, os.arch: &amp;apos;amd64&amp;apos;, os.version: &amp;apos;10.0&amp;apos;, java.version: &amp;apos;1.8.0_271&amp;apos;
Driver info: org.openqa.selenium.chrome.ChromeDriver
Capabilities {acceptInsecureCerts: false, browserName: chrome, browserVersion: 89.0.4389.128, chrome: {chromedriverVersion: 89.0.4389.23 (61b08ee2c5002..., userDataDir: C:\Users\SSD\AppData\Local\...}, goog:chromeOptions: {debuggerAddress: localhost:51054}, javascriptEnabled: true, networkConnectionEnabled: false, pageLoadStrategy: normal, platform: WINDOWS, platformName: WINDOWS, proxy: Proxy(), setWindowRect: true, strictFileInteractability: false, timeouts: {implicit: 0, pageLoad: 300000, script: 30000}, unhandledPromptBehavior: dismiss and notify, webauthn:extension:largeBlob: true, webauthn:virtualAuthenticators: true}
Session ID: 61b87f762727a7beb377a20ac06355ef">
      <![CDATA[org.openqa.selenium.WebDriverException: unknown error: cannot determine loading status
from disconnected: received Inspector.detached event
  (Session info: chrome=89.0.4389.128)
Build info: version: '3.141.59', revision: 'e82be7d358', time: '2018-11-14T08:17:03'
System info: host: 'DESKTOP-THTD9N4', ip: '192.168.1.11', os.name: 'Windows 10', os.arch: 'amd64', os.version: '10.0', java.version: '1.8.0_271'
Driver info: org.openqa.selenium.chrome.ChromeDriver
Capabilities {acceptInsecureCerts: false, browserName: chrome, browserVersion: 89.0.4389.128, chrome: {chromedriverVersion: 89.0.4389.23 (61b08ee2c5002..., userDataDir: C:\Users\SSD\AppData\Local\...}, goog:chromeOptions: {debuggerAddress: localhost:51054}, javascriptEnabled: true, networkConnectionEnabled: false, pageLoadStrategy: normal, platform: WINDOWS, platformName: WINDOWS, proxy: Proxy(), setWindowRect: true, strictFileInteractability: false, timeouts: {implicit: 0, pageLoad: 300000, script: 30000}, unhandledPromptBehavior: dismiss and notify, webauthn:extension:largeBlob: true, webauthn:virtualAuthenticators: true}
Session ID: 61b87f762727a7beb377a20ac06355ef
at org.openqa.selenium.remote.http.W3CHttpResponseCodec.createException(W3CHttpResponseCodec.java:187)
at org.openqa.selenium.remote.http.W3CHttpResponseCodec.decode(W3CHttpResponseCodec.java:122)
at org.openqa.selenium.remote.http.W3CHttpResponseCodec.decode(W3CHttpResponseCodec.java:49)
at org.openqa.selenium.remote.HttpCommandExecutor.execute(HttpCommandExecutor.java:158)
at org.openqa.selenium.remote.service.DriverCommandExecutor.execute(DriverCommandExecutor.java:83)
at org.openqa.selenium.remote.RemoteWebDriver.execute(RemoteWebDriver.java:552)
at org.openqa.selenium.remote.RemoteWebDriver.get(RemoteWebDriver.java:277)
at com.automation.Base.BaseTest.before(BaseTest.java:45)
... Removed 23 stack frames]]>
    </failure>
  </testcase> <!-- @BeforeSuite before -->
  <testcase name="@BeforeClass setup" time="-1.618991947009E9" classname="com.automation.Base.BaseTest">
    <skipped/>
  </testcase> <!-- @BeforeClass setup -->
  <testcase name="@BeforeMethod reload" time="-1.618991947043E9" classname="com.automation.tests.TaxInvoiceTest">
    <skipped/>
  </testcase> <!-- @BeforeMethod reload -->
  <testcase name="@BeforeMethod reload" time="-1.618991947065E9" classname="com.automation.tests.TaxInvoiceTest">
    <skipped/>
  </testcase> <!-- @BeforeMethod reload -->
  <testcase name="@BeforeMethod reload" time="-1.618991947085E9" classname="com.automation.tests.TaxInvoiceTest">
    <skipped/>
  </testcase> <!-- @BeforeMethod reload -->
  <testcase name="@BeforeMethod reload" time="-1.618991947105E9" classname="com.automation.tests.TaxInvoiceTest">
    <skipped/>
  </testcase> <!-- @BeforeMethod reload -->
  <testcase name="@BeforeMethod reload" time="-1.618991947122E9" classname="com.automation.tests.TaxInvoiceTest">
    <skipped/>
  </testcase> <!-- @BeforeMethod reload -->
  <testcase name="@BeforeMethod reload" time="-1.618991947143E9" classname="com.automation.tests.TaxInvoiceTest">
    <skipped/>
  </testcase> <!-- @BeforeMethod reload -->
  <testcase name="@BeforeMethod reload" time="-1.618991947174E9" classname="com.automation.tests.TaxInvoiceTest">
    <skipped/>
  </testcase> <!-- @BeforeMethod reload -->
  <testcase name="@BeforeMethod reload" time="-1.618991947219E9" classname="com.automation.tests.TaxInvoiceTest">
    <skipped/>
  </testcase> <!-- @BeforeMethod reload -->
  <testcase name="@BeforeMethod reload" time="-1.618991947239E9" classname="com.automation.tests.TaxInvoiceTest">
    <skipped/>
  </testcase> <!-- @BeforeMethod reload -->
  <testcase name="@BeforeMethod reload" time="-1.61899194725E9" classname="com.automation.tests.TaxInvoiceTest">
    <skipped/>
  </testcase> <!-- @BeforeMethod reload -->
  <testcase name="@BeforeMethod reload" time="-1.618991947274E9" classname="com.automation.tests.TaxInvoiceTest">
    <skipped/>
  </testcase> <!-- @BeforeMethod reload -->
  <testcase name="@BeforeMethod reload" time="-1.618991947295E9" classname="com.automation.tests.TaxInvoiceTest">
    <skipped/>
  </testcase> <!-- @BeforeMethod reload -->
  <testcase name="@BeforeMethod reload" time="-1.618991947344E9" classname="com.automation.tests.TaxInvoiceTest">
    <skipped/>
  </testcase> <!-- @BeforeMethod reload -->
  <testcase name="@BeforeMethod reload" time="-1.618991947376E9" classname="com.automation.tests.TaxInvoiceTest">
    <skipped/>
  </testcase> <!-- @BeforeMethod reload -->
  <testcase name="@BeforeMethod reload" time="-1.618991947392E9" classname="com.automation.tests.TaxInvoiceTest">
    <skipped/>
  </testcase> <!-- @BeforeMethod reload -->
  <testcase name="@BeforeMethod reload" time="-1.618991947401E9" classname="com.automation.tests.TaxInvoiceTest">
    <skipped/>
  </testcase> <!-- @BeforeMethod reload -->
  <testcase name="@BeforeMethod reload" time="-1.618991947414E9" classname="com.automation.tests.TaxInvoiceTest">
    <skipped/>
  </testcase> <!-- @BeforeMethod reload -->
  <testcase name="@BeforeMethod reload" time="-1.618991947435E9" classname="com.automation.tests.TaxInvoiceTest">
    <skipped/>
  </testcase> <!-- @BeforeMethod reload -->
  <testcase name="@BeforeMethod reload" time="-1.61899194744E9" classname="com.automation.tests.TaxInvoiceTest">
    <skipped/>
  </testcase> <!-- @BeforeMethod reload -->
  <testcase name="@BeforeMethod reload" time="-1.618991947453E9" classname="com.automation.tests.TaxInvoiceTest">
    <skipped/>
  </testcase> <!-- @BeforeMethod reload -->
  <testcase name="@BeforeMethod reload" time="-1.618991947468E9" classname="com.automation.tests.TaxInvoiceTest">
    <skipped/>
  </testcase> <!-- @BeforeMethod reload -->
  <testcase name="@BeforeMethod reload" time="-1.618991947489E9" classname="com.automation.tests.TaxInvoiceTest">
    <skipped/>
  </testcase> <!-- @BeforeMethod reload -->
  <testcase name="@BeforeMethod reload" time="-1.618991947499E9" classname="com.automation.tests.TaxInvoiceTest">
    <skipped/>
  </testcase> <!-- @BeforeMethod reload -->
  <testcase name="@BeforeMethod reload" time="-1.618991947513E9" classname="com.automation.tests.TaxInvoiceTest">
    <skipped/>
  </testcase> <!-- @BeforeMethod reload -->
  <testcase name="@BeforeMethod reload" time="-1.618991947527E9" classname="com.automation.tests.TaxInvoiceTest">
    <skipped/>
  </testcase> <!-- @BeforeMethod reload -->
  <testcase name="@BeforeMethod reload" time="-1.618991947535E9" classname="com.automation.tests.TaxInvoiceTest">
    <skipped/>
  </testcase> <!-- @BeforeMethod reload -->
  <testcase name="@BeforeMethod reload" time="-1.61899194754E9" classname="com.automation.tests.TaxInvoiceTest">
    <skipped/>
  </testcase> <!-- @BeforeMethod reload -->
  <testcase name="@BeforeMethod reload" time="-1.618991947556E9" classname="com.automation.tests.TaxInvoiceTest">
    <skipped/>
  </testcase> <!-- @BeforeMethod reload -->
  <testcase name="@BeforeMethod reload" time="-1.618991947562E9" classname="com.automation.tests.TaxInvoiceTest">
    <skipped/>
  </testcase> <!-- @BeforeMethod reload -->
  <testcase name="@BeforeMethod reload" time="-1.618991947592E9" classname="com.automation.tests.TaxInvoiceTest">
    <skipped/>
  </testcase> <!-- @BeforeMethod reload -->
  <testcase name="@BeforeMethod reload" time="-1.618991947607E9" classname="com.automation.tests.TaxInvoiceTest">
    <skipped/>
  </testcase> <!-- @BeforeMethod reload -->
  <testcase name="@BeforeMethod reload" time="-1.61899194765E9" classname="com.automation.tests.TaxInvoiceTest">
    <skipped/>
  </testcase> <!-- @BeforeMethod reload -->
  <testcase name="@BeforeMethod reload" time="-1.618991947659E9" classname="com.automation.tests.TaxInvoiceTest">
    <skipped/>
  </testcase> <!-- @BeforeMethod reload -->
  <testcase name="@BeforeMethod reload" time="-1.618991947663E9" classname="com.automation.tests.TaxInvoiceTest">
    <skipped/>
  </testcase> <!-- @BeforeMethod reload -->
  <testcase name="@BeforeMethod reload" time="-1.618991947676E9" classname="com.automation.tests.TaxInvoiceTest">
    <skipped/>
  </testcase> <!-- @BeforeMethod reload -->
  <testcase name="@BeforeMethod reload" time="-1.618991947684E9" classname="com.automation.tests.TaxInvoiceTest">
    <skipped/>
  </testcase> <!-- @BeforeMethod reload -->
  <testcase name="@BeforeMethod reload" time="-1.618991947688E9" classname="com.automation.tests.TaxInvoiceTest">
    <skipped/>
  </testcase> <!-- @BeforeMethod reload -->
  <testcase name="@BeforeMethod reload" time="-1.618991947698E9" classname="com.automation.tests.TaxInvoiceTest">
    <skipped/>
  </testcase> <!-- @BeforeMethod reload -->
  <testcase name="@BeforeMethod reload" time="-1.618991947707E9" classname="com.automation.tests.TaxInvoiceTest">
    <skipped/>
  </testcase> <!-- @BeforeMethod reload -->
  <testcase name="@BeforeMethod reload" time="-1.61899194772E9" classname="com.automation.tests.TaxInvoiceTest">
    <skipped/>
  </testcase> <!-- @BeforeMethod reload -->
  <testcase name="@BeforeMethod reload" time="-1.618991947736E9" classname="com.automation.tests.TaxInvoiceTest">
    <skipped/>
  </testcase> <!-- @BeforeMethod reload -->
  <testcase name="@BeforeMethod reload" time="-1.618991947757E9" classname="com.automation.tests.TaxInvoiceTest">
    <skipped/>
  </testcase> <!-- @BeforeMethod reload -->
  <testcase name="@BeforeMethod reload" time="-1.618991947781E9" classname="com.automation.tests.TaxInvoiceTest">
    <skipped/>
  </testcase> <!-- @BeforeMethod reload -->
  <testcase name="@BeforeMethod reload" time="-1.618991947792E9" classname="com.automation.tests.TaxInvoiceTest">
    <skipped/>
  </testcase> <!-- @BeforeMethod reload -->
  <testcase name="@BeforeMethod reload" time="-1.618991947803E9" classname="com.automation.tests.TaxInvoiceTest">
    <skipped/>
  </testcase> <!-- @BeforeMethod reload -->
  <testcase name="@BeforeMethod reload" time="-1.618991947822E9" classname="com.automation.tests.TaxInvoiceTest">
    <skipped/>
  </testcase> <!-- @BeforeMethod reload -->
  <testcase name="@BeforeMethod reload" time="-1.61899194783E9" classname="com.automation.tests.TaxInvoiceTest">
    <skipped/>
  </testcase> <!-- @BeforeMethod reload -->
  <testcase name="@BeforeMethod reload" time="-1.618991947847E9" classname="com.automation.tests.TaxInvoiceTest">
    <skipped/>
  </testcase> <!-- @BeforeMethod reload -->
  <testcase name="@BeforeMethod reload" time="-1.618991947857E9" classname="com.automation.tests.TaxInvoiceTest">
    <skipped/>
  </testcase> <!-- @BeforeMethod reload -->
  <testcase name="@BeforeMethod reload" time="-1.618991947867E9" classname="com.automation.tests.TaxInvoiceTest">
    <skipped/>
  </testcase> <!-- @BeforeMethod reload -->
  <testcase name="@AfterClass tearDown" time="-1.618991947882E9" classname="com.automation.Base.BaseTest">
    <skipped/>
  </testcase> <!-- @AfterClass tearDown -->
  <testcase name="navigateToTaxInvoicePage" time="0.0" classname="com.automation.tests.TaxInvoiceTest">
    <skipped/>
  </testcase> <!-- navigateToTaxInvoicePage -->
  <testcase name="navigateToAddTaxInvoicePage" time="0.0" classname="com.automation.tests.TaxInvoiceTest">
    <skipped/>
  </testcase> <!-- navigateToAddTaxInvoicePage -->
  <testcase name="backToTaxInvoicePage" time="0.0" classname="com.automation.tests.TaxInvoiceTest">
    <skipped/>
  </testcase> <!-- backToTaxInvoicePage -->
  <testcase name="validation" time="0.0" classname="com.automation.tests.TaxInvoiceTest">
    <skipped/>
  </testcase> <!-- validation -->
  <testcase name="invoiceTypeValidation" time="0.0" classname="com.automation.tests.TaxInvoiceTest">
    <skipped/>
  </testcase> <!-- invoiceTypeValidation -->
  <testcase name="checkSameAsBillingAddressFunctionality" time="0.0" classname="com.automation.tests.TaxInvoiceTest">
    <skipped/>
  </testcase> <!-- checkSameAsBillingAddressFunctionality -->
  <testcase name="verifyIndianAlertMessage" time="0.0" classname="com.automation.tests.TaxInvoiceTest">
    <skipped/>
  </testcase> <!-- verifyIndianAlertMessage -->
  <testcase name="verifySupplyReverseCharge" time="0.0" classname="com.automation.tests.TaxInvoiceTest">
    <skipped/>
  </testcase> <!-- verifySupplyReverseCharge -->
  <testcase name="verifyIgstValue" time="0.0" classname="com.automation.tests.TaxInvoiceTest">
    <skipped/>
  </testcase> <!-- verifyIgstValue -->
  <testcase name="verifyCgstAndSgstValue" time="0.0" classname="com.automation.tests.TaxInvoiceTest">
    <skipped/>
  </testcase> <!-- verifyCgstAndSgstValue -->
  <testcase name="verifyIgstActFunctionality" time="0.0" classname="com.automation.tests.TaxInvoiceTest">
    <skipped/>
  </testcase> <!-- verifyIgstActFunctionality -->
  <testcase name="verifyRedirectionToTaxInvoicePage" time="0.0" classname="com.automation.tests.TaxInvoiceTest">
    <skipped/>
  </testcase> <!-- verifyRedirectionToTaxInvoicePage -->
  <testcase name="verifyCreatedInvoice" time="0.0" classname="com.automation.tests.TaxInvoiceTest">
    <skipped/>
  </testcase> <!-- verifyCreatedInvoice -->
  <testcase name="verifyInvoiceCreationWithoutShippingAddress" time="0.0" classname="com.automation.tests.TaxInvoiceTest">
    <skipped/>
  </testcase> <!-- verifyInvoiceCreationWithoutShippingAddress -->
  <testcase name="verifyMultipleLineItems" time="0.0" classname="com.automation.tests.TaxInvoiceTest">
    <skipped/>
  </testcase> <!-- verifyMultipleLineItems -->
  <testcase name="deleteMultipleLineItems" time="0.0" classname="com.automation.tests.TaxInvoiceTest">
    <skipped/>
  </testcase> <!-- deleteMultipleLineItems -->
  <testcase name="gstinFieldDisplayCheck1" time="0.0" classname="com.automation.tests.TaxInvoiceTest">
    <skipped/>
  </testcase> <!-- gstinFieldDisplayCheck1 -->
  <testcase name="gstinFieldDisplayCheck2" time="0.0" classname="com.automation.tests.TaxInvoiceTest">
    <skipped/>
  </testcase> <!-- gstinFieldDisplayCheck2 -->
  <testcase name="gstinFieldDisplayCheck3" time="0.0" classname="com.automation.tests.TaxInvoiceTest">
    <skipped/>
  </testcase> <!-- gstinFieldDisplayCheck3 -->
  <testcase name="gstinFieldDisplayCheck4" time="0.0" classname="com.automation.tests.TaxInvoiceTest">
    <skipped/>
  </testcase> <!-- gstinFieldDisplayCheck4 -->
  <testcase name="gstinFieldDisplayCheck5" time="0.0" classname="com.automation.tests.TaxInvoiceTest">
    <skipped/>
  </testcase> <!-- gstinFieldDisplayCheck5 -->
  <testcase name="posFieldDisplayCheck1" time="0.0" classname="com.automation.tests.TaxInvoiceTest">
    <skipped/>
  </testcase> <!-- posFieldDisplayCheck1 -->
  <testcase name="posFieldDisplayCheck2" time="0.0" classname="com.automation.tests.TaxInvoiceTest">
    <skipped/>
  </testcase> <!-- posFieldDisplayCheck2 -->
  <testcase name="posFieldDisplayCheck3" time="0.0" classname="com.automation.tests.TaxInvoiceTest">
    <skipped/>
  </testcase> <!-- posFieldDisplayCheck3 -->
  <testcase name="posFieldDisplayCheck4" time="0.0" classname="com.automation.tests.TaxInvoiceTest">
    <skipped/>
  </testcase> <!-- posFieldDisplayCheck4 -->
  <testcase name="posFieldDisplayCheck5" time="0.0" classname="com.automation.tests.TaxInvoiceTest">
    <skipped/>
  </testcase> <!-- posFieldDisplayCheck5 -->
  <testcase name="suppClaimDisplayCheck1" time="0.0" classname="com.automation.tests.TaxInvoiceTest">
    <skipped/>
  </testcase> <!-- suppClaimDisplayCheck1 -->
  <testcase name="suppClaimDisplayCheck2" time="0.0" classname="com.automation.tests.TaxInvoiceTest">
    <skipped/>
  </testcase> <!-- suppClaimDisplayCheck2 -->
  <testcase name="suppClaimDisplayCheck3" time="0.0" classname="com.automation.tests.TaxInvoiceTest">
    <skipped/>
  </testcase> <!-- suppClaimDisplayCheck3 -->
  <testcase name="suppClaimDisplayCheck4" time="0.0" classname="com.automation.tests.TaxInvoiceTest">
    <skipped/>
  </testcase> <!-- suppClaimDisplayCheck4 -->
  <testcase name="suppClaimDisplayCheck5" time="0.0" classname="com.automation.tests.TaxInvoiceTest">
    <skipped/>
  </testcase> <!-- suppClaimDisplayCheck5 -->
  <testcase name="igstActDisplayCheck1" time="0.0" classname="com.automation.tests.TaxInvoiceTest">
    <skipped/>
  </testcase> <!-- igstActDisplayCheck1 -->
  <testcase name="igstActDisplayCheck2" time="0.0" classname="com.automation.tests.TaxInvoiceTest">
    <skipped/>
  </testcase> <!-- igstActDisplayCheck2 -->
  <testcase name="igstActDisplayCheck3" time="0.0" classname="com.automation.tests.TaxInvoiceTest">
    <skipped/>
  </testcase> <!-- igstActDisplayCheck3 -->
  <testcase name="igstActDisplayCheck4" time="0.0" classname="com.automation.tests.TaxInvoiceTest">
    <skipped/>
  </testcase> <!-- igstActDisplayCheck4 -->
  <testcase name="igstActDisplayCheck5" time="0.0" classname="com.automation.tests.TaxInvoiceTest">
    <skipped/>
  </testcase> <!-- igstActDisplayCheck5 -->
  <testcase name="differentialPercentagDisplayCheck1" time="0.0" classname="com.automation.tests.TaxInvoiceTest">
    <skipped/>
  </testcase> <!-- differentialPercentagDisplayCheck1 -->
  <testcase name="differentialPercentagDisplayCheck2" time="0.0" classname="com.automation.tests.TaxInvoiceTest">
    <skipped/>
  </testcase> <!-- differentialPercentagDisplayCheck2 -->
  <testcase name="differentialPercentagDisplayCheck3" time="0.0" classname="com.automation.tests.TaxInvoiceTest">
    <skipped/>
  </testcase> <!-- differentialPercentagDisplayCheck3 -->
  <testcase name="differentialPercentagDisplayCheck4" time="0.0" classname="com.automation.tests.TaxInvoiceTest">
    <skipped/>
  </testcase> <!-- differentialPercentagDisplayCheck4 -->
  <testcase name="differentialPercentagDisplayCheck5" time="0.0" classname="com.automation.tests.TaxInvoiceTest">
    <skipped/>
  </testcase> <!-- differentialPercentagDisplayCheck5 -->
  <testcase name="taxCalcualtionSezwop" time="0.0" classname="com.automation.tests.TaxInvoiceTest">
    <skipped/>
  </testcase> <!-- taxCalcualtionSezwop -->
  <testcase name="taxCalcualtionExwop" time="0.0" classname="com.automation.tests.TaxInvoiceTest">
    <skipped/>
  </testcase> <!-- taxCalcualtionExwop -->
  <testcase name="taxCalcualtionDe" time="0.0" classname="com.automation.tests.TaxInvoiceTest">
    <skipped/>
  </testcase> <!-- taxCalcualtionDe -->
  <testcase name="taxCalcualtionSezwp" time="0.0" classname="com.automation.tests.TaxInvoiceTest">
    <skipped/>
  </testcase> <!-- taxCalcualtionSezwp -->
  <testcase name="taxCalcualtionExwp" time="0.0" classname="com.automation.tests.TaxInvoiceTest">
    <skipped/>
  </testcase> <!-- taxCalcualtionExwp -->
  <testcase name="checkExportTypevalidationMsg" time="0.0" classname="com.automation.tests.TaxInvoiceTest">
    <skipped/>
  </testcase> <!-- checkExportTypevalidationMsg -->
  <testcase name="checkShipBillNoValidationMsg" time="0.0" classname="com.automation.tests.TaxInvoiceTest">
    <skipped/>
  </testcase> <!-- checkShipBillNoValidationMsg -->
  <testcase name="checkShipBillExDateValidationMsg" time="0.0" classname="com.automation.tests.TaxInvoiceTest">
    <skipped/>
  </testcase> <!-- checkShipBillExDateValidationMsg -->
  <testcase name="checkCurrencyValidationMsg" time="0.001" classname="com.automation.tests.TaxInvoiceTest">
    <skipped/>
  </testcase> <!-- checkCurrencyValidationMsg -->
</testsuite> <!-- Test -->
